<?xml version="1.0" encoding="utf-8"?><testsuites name="pytest tests"><testsuite name="pytest" errors="0" failures="0" skipped="0" tests="159" time="2.408" timestamp="2026-09-22T09:09:46.535242+08:00" hostname="MacBook-Pro-36.local"><testcase classname="tests.test_benchmark_compare" name="test_complete_synthetic_pair_exercises_pass_and_per_rank_statistics" time="0.013" /><testcase classname="tests.test_benchmark_compare" name="test_unpaired_runs_cannot_pass[model_fingerprint]" time="0.006" /><testcase classname="tests.test_benchmark_compare" name="test_unpaired_runs_cannot_pass[software]" time="0.006" /><testcase classname="tests.test_benchmark_compare" name="test_unpaired_runs_cannot_pass[devices]" time="0.007" /><testcase classname="tests.test_benchmark_compare" name="test_unpaired_runs_cannot_pass[tp]" time="0.006" /><testcase classname="tests.test_benchmark_compare" name="test_unpaired_runs_cannot_pass[mtp]" time="0.007" /><testcase classname="tests.test_benchmark_compare" name="test_unpaired_runs_cannot_pass[graph]" time="0.006" /><testcase classname="tests.test_benchmark_compare" name="test_unpaired_runs_cannot_pass[workload]" time="0.006" /><testcase classname="tests.test_benchmark_compare" name="test_unpaired_runs_cannot_pass[dataset_sha256]" time="0.006" /><testcase classname="tests.test_benchmark_compare" name="test_missing_case_is_not_run_even_when_all_other_cases_are_faster" time="0.010" /><testcase classname="tests.test_benchmark_compare" name="test_single_slow_case_cannot_be_hidden_by_global_average" time="0.011" /><testcase classname="tests.test_benchmark_compare" name="test_slow_rank_cannot_be_hidden_by_other_ranks" time="0.013" /><testcase classname="tests.test_benchmark_compare" name="test_extreme_finite_ratio_fails_without_nonstandard_json" time="0.009" /><testcase classname="tests.test_benchmark_compare" name="test_new_phase_without_native_equivalent_requires_baseline" time="0.009" /><testcase classname="tests.test_benchmark_compare" name="test_missing_evidence_never_passes[npu]" time="0.010" /><testcase classname="tests.test_benchmark_compare" name="test_missing_evidence_never_passes[accuracy]" time="0.011" /><testcase classname="tests.test_benchmark_compare" name="test_missing_evidence_never_passes[route]" time="0.009" /><testcase classname="tests.test_benchmark_compare" name="test_missing_evidence_never_passes[memory]" time="0.009" /><testcase classname="tests.test_benchmark_compare" name="test_accuracy_failure_prevents_any_timing_comparison" time="0.010" /><testcase classname="tests.test_benchmark_compare" name="test_native_route_falsely_labeled_oscar_fails" time="0.010" /><testcase classname="tests.test_benchmark_compare" name="test_full_history_restoration_or_shadow_is_a_failure[full_history_bf16_restore_bytes]" time="0.009" /><testcase classname="tests.test_benchmark_compare" name="test_full_history_restoration_or_shadow_is_a_failure[full_history_bf16_shadow_bytes]" time="0.010" /><testcase classname="tests.test_benchmark_compare" name="test_evidence_file_hash_is_actually_verified" time="0.010" /><testcase classname="tests.test_benchmark_compare" name="test_evidence_from_another_case_cannot_be_reused" time="0.014" /><testcase classname="tests.test_benchmark_compare" name="test_missing_repeat_or_warmup_is_not_run[&lt;lambda&gt;0]" time="0.009" /><testcase classname="tests.test_benchmark_compare" name="test_missing_repeat_or_warmup_is_not_run[&lt;lambda&gt;1]" time="0.009" /><testcase classname="tests.test_benchmark_compare" name="test_unfrozen_threshold_cannot_pass" time="0.006" /><testcase classname="tests.test_benchmark_compare" name="test_cpu_measurements_cannot_pass_npu_gate" time="0.007" /><testcase classname="tests.test_benchmark_compare" name="test_current_quality_policy_is_explicitly_not_ready" time="0.006" /><testcase classname="tests.test_benchmark_compare" name="test_device_ownership_is_not_assumed_from_historical_numbers" time="0.000" /><testcase classname="tests.test_benchmark_compare" name="test_invalid_physical_device_lists_are_rejected[devices0]" time="0.000" /><testcase classname="tests.test_benchmark_compare" name="test_invalid_physical_device_lists_are_rejected[devices1]" time="0.000" /><testcase classname="tests.test_benchmark_compare" name="test_invalid_physical_device_lists_are_rejected[devices2]" time="0.000" /><testcase classname="tests.test_benchmark_compare" name="test_invalid_physical_device_lists_are_rejected[devices3]" time="0.000" /><testcase classname="tests.test_benchmark_compare" name="test_invalid_metrics_do_not_become_ratios" time="0.010" /><testcase classname="tests.test_benchmark_compare" name="test_cli_creates_output_parent_and_returns_nonzero_for_missing_reports" time="0.001" /><testcase classname="tests.test_benchmark_compare" name="test_cli_rejects_duplicate_json_keys" time="0.001" /><testcase classname="tests.test_integration_contracts.TargetContracts" name="test_configuration_failure_writes_deployment_status" time="0.043" /><testcase classname="tests.test_integration_contracts.TargetContracts" name="test_existing_plugin_allowlist_cannot_exclude_ascend" time="0.000" /><testcase classname="tests.test_integration_contracts.TargetContracts" name="test_failed_phase_still_checks_native_integrity_and_preserves_first_code" time="0.338" /><testcase classname="tests.test_integration_contracts.TargetContracts" name="test_geometry_inconsistent_layer_count_is_rejected" time="0.001" /><testcase classname="tests.test_integration_contracts.TargetContracts" name="test_h14_command_matches_supplied_appendix_a" time="0.001" /><testcase classname="tests.test_integration_contracts.TargetContracts" name="test_missing_full_service_probe_cannot_leave_running_status" time="0.002" /><testcase classname="tests.test_integration_contracts.TargetContracts" name="test_prepare_rotations_public_api_binding" time="0.000" /><testcase classname="tests.test_integration_contracts.NativeHookCacheContracts" name="test_failed_future_callback_restores_its_partial_patch" time="0.001" /><testcase classname="tests.test_integration_contracts.NativeHookCacheContracts" name="test_inherited_descriptor_is_removed_on_restore" time="0.000" /><testcase classname="tests.test_integration_contracts.NativeHookCacheContracts" name="test_selector_cache_is_invalidated_on_install_and_restore" time="0.002" /><testcase classname="tests.test_layout.LayoutTests" name="test_aos_formula_would_corrupt_a_different_gdn_page" time="0.000" /><testcase classname="tests.test_layout.LayoutTests" name="test_full_regions_are_disjoint_from_all_conv_and_other_ssm_pages" time="0.000" /><testcase classname="tests.test_layout.LayoutTests" name="test_insufficient_ssm_capacity_is_explicit" time="0.000" /><testcase classname="tests.test_layout.LayoutTests" name="test_lcm_alignment_prevents_scheduler_lcm_explosion" time="0.000" /><testcase classname="tests.test_layout.LayoutTests" name="test_native_padded_page_is_charged_without_inventing_fp32_state" time="0.000" /><testcase classname="tests.test_layout.LayoutTests" name="test_native_virtual_slots_preserve_physical_identity" time="0.000" /><testcase classname="tests.test_layout.LayoutTests" name="test_non_multiple_dimensions_and_heads_are_charged_separately" time="0.000" /><testcase classname="tests.test_layout.LayoutTests" name="test_padding_and_out_of_bounds_have_no_address" time="0.000" /><testcase classname="tests.test_layout.LayoutTests" name="test_physical_pools_not_layer_count_and_all_extras_are_charged" time="0.000" /><testcase classname="tests.test_layout.LayoutTests" name="test_pr_byte_offsets" time="0.000" /><testcase classname="tests.test_layout.MetadataTests" name="test_archive_36_truncated_block_table_capacity_fails" time="0.000" /><testcase classname="tests.test_layout.MetadataTests" name="test_dummy_capture_only_marks_origin_and_does_not_mutate_slots" time="0.000" /><testcase classname="tests.test_layout.MetadataTests" name="test_mtp_capture_padding_is_counted" time="0.000" /><testcase classname="tests.test_layout.MetadataTests" name="test_native_buffers_are_reused_without_data_reads" time="0.000" /><testcase classname="tests.test_layout.MetadataTests" name="test_noncausal_is_explicitly_rejected" time="0.000" /><testcase classname="tests.test_no_fallback_static" name="test_production_cannot_import_test_oracle" time="0.013" /><testcase classname="tests.test_no_fallback_static" name="test_no_silent_exception_swallowing" time="0.045" /><testcase classname="tests.test_no_fallback_static" name="test_online_hooks_do_not_copy_device_data_to_host" time="0.002" /><testcase classname="tests.test_no_fallback_static" name="test_shell_scripts_do_not_copy_or_modify_native_sources" time="0.001" /><testcase classname="tests.test_no_fallback_static" name="test_source_headers_trace_archive" time="0.004" /><testcase classname="tests.test_op_contracts.OperatorContractTests" name="test_artifact_replacement_with_preserved_mtime_is_rejected" time="0.002" /><testcase classname="tests.test_op_contracts.OperatorContractTests" name="test_bounded_split_shape_and_empty_batch" time="0.000" /><testcase classname="tests.test_op_contracts.OperatorContractTests" name="test_configuration_digest_is_checked" time="0.001" /><testcase classname="tests.test_op_contracts.OperatorContractTests" name="test_configure_manifest_is_not_build_evidence" time="0.001" /><testcase classname="tests.test_op_contracts.OperatorContractTests" name="test_disagreeing_runtime_manifest_and_build_state_are_rejected" time="0.001" /><testcase classname="tests.test_op_contracts.OperatorContractTests" name="test_exact_pr_layout" time="0.000" /><testcase classname="tests.test_op_contracts.OperatorContractTests" name="test_subpages_map_without_crossing_conv_or_next_ssm_page" time="0.000" /><testcase classname="tests.test_op_contracts.OperatorContractTests" name="test_two_components_cannot_claim_complete_production" time="0.001" /><testcase classname="tests.test_op_contracts.OperatorContractTests" name="test_underallocation_is_rejected" time="0.000" /><testcase classname="tests.test_plugin.PluginTests" name="test_alternative_native_dense_backend_does_not_bypass_readiness" time="0.000" /><testcase classname="tests.test_plugin.PluginTests" name="test_classmethod_signature_idempotence_and_exact_restore" time="0.000" /><testcase classname="tests.test_plugin.PluginTests" name="test_disabled_registration_does_not_change_host" time="0.000" /><testcase classname="tests.test_plugin.PluginTests" name="test_enabled_dense_route_cannot_succeed_without_runtime" time="0.000" /><testcase classname="tests.test_plugin.PluginTests" name="test_encoder_route_is_outside_full_decoder_scope" time="0.001" /><testcase classname="tests.test_plugin.PluginTests" name="test_fresh_interpreter_register_imports_no_heavy_modules" time="0.037" /><testcase classname="tests.test_plugin.PluginTests" name="test_future_import_runs_the_existing_loader_before_patching" time="0.001" /><testcase classname="tests.test_plugin.PluginTests" name="test_missing_provider_methods_are_explicit" time="0.000" /><testcase classname="tests.test_plugin.PluginTests" name="test_partial_installation_rolls_back" time="0.001" /><testcase classname="tests.test_plugin.PluginTests" name="test_runner_hooks_delegate_to_concrete_provider" time="0.000" /><testcase classname="tests.test_plugin.PluginTests" name="test_runtime_factory_is_lazy_and_once" time="0.000" /><testcase classname="tests.test_reference" name="test_lsb_pack_unpack_with_zero_tail_bits[1]" time="0.306" /><testcase classname="tests.test_reference" name="test_lsb_pack_unpack_with_zero_tail_bits[3]" time="0.000" /><testcase classname="tests.test_reference" name="test_lsb_pack_unpack_with_zero_tail_bits[4]" time="0.001" /><testcase classname="tests.test_reference" name="test_lsb_pack_unpack_with_zero_tail_bits[5]" time="0.000" /><testcase classname="tests.test_reference" name="test_lsb_pack_unpack_with_zero_tail_bits[63]" time="0.000" /><testcase classname="tests.test_reference" name="test_lsb_pack_unpack_with_zero_tail_bits[64]" time="0.000" /><testcase classname="tests.test_reference" name="test_lsb_pack_unpack_with_zero_tail_bits[128]" time="0.000" /><testcase classname="tests.test_reference" name="test_lsb_pack_unpack_with_zero_tail_bits[256]" time="0.000" /><testcase classname="tests.test_reference" name="test_pack_rejects_out_of_range_and_floating_codes" time="0.000" /><testcase classname="tests.test_reference" name="test_store_is_scalar_pr_exact_with_fp16_metadata_first[values0]" time="0.006" /><testcase classname="tests.test_reference" name="test_store_is_scalar_pr_exact_with_fp16_metadata_first[values1]" time="0.001" /><testcase classname="tests.test_reference" name="test_store_is_scalar_pr_exact_with_fp16_metadata_first[values2]" time="0.001" /><testcase classname="tests.test_reference" name="test_half_integer_bins_are_not_round_to_even" time="0.000" /><testcase classname="tests.test_reference" name="test_undefined_or_nonfinite_metadata_domain_fails[value0]" time="0.000" /><testcase classname="tests.test_reference" name="test_undefined_or_nonfinite_metadata_domain_fails[value1]" time="0.000" /><testcase classname="tests.test_reference" name="test_undefined_or_nonfinite_metadata_domain_fails[value2]" time="0.000" /><testcase classname="tests.test_reference" name="test_undefined_or_nonfinite_metadata_domain_fails[value3]" time="0.000" /><testcase classname="tests.test_reference" name="test_undefined_or_nonfinite_metadata_domain_fails[value4]" time="0.000" /><testcase classname="tests.test_reference" name="test_store_dequant_matches_pr_dense_oracle[64]" time="0.001" /><testcase classname="tests.test_reference" name="test_store_dequant_matches_pr_dense_oracle[128]" time="0.000" /><testcase classname="tests.test_reference" name="test_store_dequant_matches_pr_dense_oracle[256]" time="0.000" /><testcase classname="tests.test_reference" name="test_rotation_then_abs_percentile_clip" time="0.007" /><testcase classname="tests.test_reference" name="test_request_windows_partition_without_negative_or_overlap[0]" time="0.000" /><testcase classname="tests.test_reference" name="test_request_windows_partition_without_negative_or_overlap[1]" time="0.000" /><testcase classname="tests.test_reference" name="test_request_windows_partition_without_negative_or_overlap[63]" time="0.000" /><testcase classname="tests.test_reference" name="test_request_windows_partition_without_negative_or_overlap[64]" time="0.000" /><testcase classname="tests.test_reference" name="test_request_windows_partition_without_negative_or_overlap[65]" time="0.000" /><testcase classname="tests.test_reference" name="test_request_windows_partition_without_negative_or_overlap[319]" time="0.000" /><testcase classname="tests.test_reference" name="test_request_windows_partition_without_negative_or_overlap[320]" time="0.000" /><testcase classname="tests.test_reference" name="test_request_windows_partition_without_negative_or_overlap[321]" time="0.000" /><testcase classname="tests.test_reference" name="test_request_windows_partition_without_negative_or_overlap[16384]" time="0.000" /><testcase classname="tests.test_reference" name="test_request_windows_partition_without_negative_or_overlap[32768]" time="0.000" /><testcase classname="tests.test_reference" name="test_request_windows_partition_without_negative_or_overlap[50000]" time="0.000" /><testcase classname="tests.test_reference" name="test_request_windows_partition_without_negative_or_overlap[262144]" time="0.000" /><testcase classname="tests.test_reference" name="test_causal_gqa_matches_independent_sdpa[1-17-4-1]" time="0.009" /><testcase classname="tests.test_reference" name="test_causal_gqa_matches_independent_sdpa[4-31-8-2]" time="0.001" /><testcase classname="tests.test_reference" name="test_causal_gqa_matches_independent_sdpa[11-11-4-2]" time="0.001" /><testcase classname="tests.test_reference" name="test_segment_merge_matches_dense_and_handles_empty_rows" time="0.002" /><testcase classname="tests.test_reference" name="test_merge_never_hides_nonfinite_numerics" time="0.000" /><testcase classname="tests.test_reference" name="test_compressed_rotated_decode_and_prefill_with_exact_windows" time="0.004" /><testcase classname="tests.test_reference" name="test_query_rotation_and_value_inverse_are_equivalent" time="0.001" /><testcase classname="tests.test_rotations" name="test_hadamard_is_exact_paper_sign_pattern_and_data_free" time="0.001" /><testcase classname="tests.test_rotations" name="test_cpu_is_not_an_implicit_production_execution_path" time="0.000" /><testcase classname="tests.test_rotations" name="test_identity_requires_explicit_authorization_at_construction_and_load" time="0.000" /><testcase classname="tests.test_rotations" name="test_bad_artifacts_fail_closed[&lt;lambda&gt;-model fingerprint]" time="0.000" /><testcase classname="tests.test_rotations" name="test_bad_artifacts_fail_closed[&lt;lambda&gt;-PR fingerprint]" time="0.000" /><testcase classname="tests.test_rotations" name="test_bad_artifacts_fail_closed[&lt;lambda&gt;-head_dim]" time="0.000" /><testcase classname="tests.test_rotations" name="test_bad_artifacts_fail_closed[&lt;lambda&gt;-coverage]" time="0.000" /><testcase classname="tests.test_rotations" name="test_bad_artifacts_fail_closed[&lt;lambda&gt;-layer id]" time="0.000" /><testcase classname="tests.test_rotations" name="test_bad_artifacts_fail_closed[&lt;lambda&gt;-non-orthogonal]" time="0.000" /><testcase classname="tests.test_rotations" name="test_bad_artifacts_fail_closed[&lt;lambda&gt;-non-finite]" time="0.000" /><testcase classname="tests.test_rotations" name="test_bad_artifacts_fail_closed[&lt;lambda&gt;-expected fp32]" time="0.000" /><testcase classname="tests.test_rotations" name="test_artifact_roundtrip_is_weights_only_and_preserves_coverage" time="0.004" /><testcase classname="tests.test_rotations" name="test_model_fingerprint_binds_configuration_and_weights" time="0.000" /><testcase classname="tests.test_rotations" name="test_sample_statistics_match_independent_paper_fp64_equations" time="0.002" /><testcase classname="tests.test_rotations" name="test_empty_or_invalid_sample_is_never_repaired_silently" time="0.000" /><testcase classname="tests.test_rotations" name="test_sample_artifact_uses_explicit_solver_and_records_sample_ids" time="0.004" /><testcase classname="tests.test_rotations" name="test_eigensolver_that_returns_wrong_values_fails_validation" time="0.000" /><testcase classname="tests.test_workflow" name="test_failure_keeps_original_code_and_diagnostic" time="0.111" /><testcase classname="tests.test_workflow" name="test_silent_failure_still_has_log" time="0.113" /><testcase classname="tests.test_workflow" name="test_timeout_is_bounded_and_reaped" time="0.212" /><testcase classname="tests.test_workflow" name="test_exec_failure_recorded" time="0.006" /><testcase classname="tests.test_workflow" name="test_native_mutation_detects_new_deleted_and_changed" time="0.001" /><testcase classname="tests.test_workflow" name="test_soc_mapping_does_not_select_310p_headers" time="0.000" /><testcase classname="tests.test_workflow" name="test_build_cleanup_is_project_owned" time="0.000" /><testcase classname="tests.test_workflow" name="test_target_command_preserves_graph_mtp_and_dtype" time="0.000" /><testcase classname="tests.test_workflow" name="test_device_selection_does_not_inherit_somebody_elses_devices" time="0.000" /><testcase classname="tests.test_workflow" name="test_model_geometry_reads_real_config" time="0.001" /></testsuite></testsuites>