<?xml version="1.0" encoding="utf-8"?><testsuites name="pytest tests"><testsuite name="pytest" errors="0" failures="0" skipped="124" tests="568" time="19.243" timestamp="2026-09-22T14:46:28.049413+08:00" hostname="MacBook-Pro-36.local"><testcase classname="tests.test_benchmark_compare" name="test_complete_synthetic_pair_exercises_pass_and_per_rank_statistics" time="0.025" /><testcase classname="tests.test_benchmark_compare" name="test_unpaired_runs_cannot_pass[model_fingerprint]" time="0.007" /><testcase classname="tests.test_benchmark_compare" name="test_unpaired_runs_cannot_pass[software]" time="0.008" /><testcase classname="tests.test_benchmark_compare" name="test_unpaired_runs_cannot_pass[devices]" time="0.010" /><testcase classname="tests.test_benchmark_compare" name="test_unpaired_runs_cannot_pass[tp]" time="0.014" /><testcase classname="tests.test_benchmark_compare" name="test_unpaired_runs_cannot_pass[mtp]" time="0.012" /><testcase classname="tests.test_benchmark_compare" name="test_unpaired_runs_cannot_pass[graph]" time="0.012" /><testcase classname="tests.test_benchmark_compare" name="test_unpaired_runs_cannot_pass[workload]" time="0.010" /><testcase classname="tests.test_benchmark_compare" name="test_unpaired_runs_cannot_pass[dataset_sha256]" time="0.008" /><testcase classname="tests.test_benchmark_compare" name="test_missing_case_is_not_run_even_when_all_other_cases_are_faster" time="0.010" /><testcase classname="tests.test_benchmark_compare" name="test_single_slow_case_cannot_be_hidden_by_global_average" time="0.018" /><testcase classname="tests.test_benchmark_compare" name="test_slow_rank_cannot_be_hidden_by_other_ranks" time="0.019" /><testcase classname="tests.test_benchmark_compare" name="test_extreme_finite_ratio_fails_without_nonstandard_json" time="0.025" /><testcase classname="tests.test_benchmark_compare" name="test_new_phase_without_native_equivalent_requires_baseline" time="0.023" /><testcase classname="tests.test_benchmark_compare" name="test_missing_evidence_never_passes[npu]" time="0.024" /><testcase classname="tests.test_benchmark_compare" name="test_missing_evidence_never_passes[accuracy]" time="0.019" /><testcase classname="tests.test_benchmark_compare" name="test_missing_evidence_never_passes[route]" time="0.019" /><testcase classname="tests.test_benchmark_compare" name="test_missing_evidence_never_passes[memory]" time="0.026" /><testcase classname="tests.test_benchmark_compare" name="test_accuracy_failure_prevents_any_timing_comparison" time="0.025" /><testcase classname="tests.test_benchmark_compare" name="test_native_route_falsely_labeled_oscar_fails" time="0.026" /><testcase classname="tests.test_benchmark_compare" name="test_full_history_restoration_or_shadow_is_a_failure[full_history_bf16_restore_bytes]" time="0.021" /><testcase classname="tests.test_benchmark_compare" name="test_full_history_restoration_or_shadow_is_a_failure[full_history_bf16_shadow_bytes]" time="0.020" /><testcase classname="tests.test_benchmark_compare" name="test_evidence_file_hash_is_actually_verified" time="0.021" /><testcase classname="tests.test_benchmark_compare" name="test_evidence_from_another_case_cannot_be_reused" time="0.024" /><testcase classname="tests.test_benchmark_compare" name="test_missing_repeat_or_warmup_is_not_run[&lt;lambda&gt;0]" time="0.017" /><testcase classname="tests.test_benchmark_compare" name="test_missing_repeat_or_warmup_is_not_run[&lt;lambda&gt;1]" time="0.014" /><testcase classname="tests.test_benchmark_compare" name="test_unfrozen_threshold_cannot_pass" time="0.014" /><testcase classname="tests.test_benchmark_compare" name="test_cpu_measurements_cannot_pass_npu_gate" time="0.011" /><testcase classname="tests.test_benchmark_compare" name="test_current_quality_policy_is_explicitly_not_ready" time="0.007" /><testcase classname="tests.test_benchmark_compare" name="test_device_ownership_is_not_assumed_from_historical_numbers" time="0.000" /><testcase classname="tests.test_benchmark_compare" name="test_invalid_physical_device_lists_are_rejected[devices0]" time="0.000" /><testcase classname="tests.test_benchmark_compare" name="test_invalid_physical_device_lists_are_rejected[devices1]" time="0.000" /><testcase classname="tests.test_benchmark_compare" name="test_invalid_physical_device_lists_are_rejected[devices2]" time="0.000" /><testcase classname="tests.test_benchmark_compare" name="test_invalid_physical_device_lists_are_rejected[devices3]" time="0.000" /><testcase classname="tests.test_benchmark_compare" name="test_invalid_metrics_do_not_become_ratios" time="0.011" /><testcase classname="tests.test_benchmark_compare" name="test_cli_creates_output_parent_and_returns_nonzero_for_missing_reports" time="0.001" /><testcase classname="tests.test_benchmark_compare" name="test_cli_rejects_duplicate_json_keys" time="0.001" /><testcase classname="tests.test_benchmark_measure" name="test_stream_measures_first_actual_token_and_preserves_multi_token_burst" time="0.017" /><testcase classname="tests.test_benchmark_measure" name="test_stream_errors_cannot_be_counted_as_completed[http_error-HTTP 503]" time="0.015" /><testcase classname="tests.test_benchmark_measure" name="test_stream_errors_cannot_be_counted_as_completed[malformed-JSONDecodeError]" time="0.016" /><testcase classname="tests.test_benchmark_measure" name="test_stream_errors_cannot_be_counted_as_completed[no_token_ids-return_token_ids]" time="0.015" /><testcase classname="tests.test_benchmark_measure" name="test_stream_errors_cannot_be_counted_as_completed[no_usage-usage/token IDs]" time="0.016" /><testcase classname="tests.test_benchmark_measure" name="test_stream_errors_cannot_be_counted_as_completed[wrong_usage-usage/token IDs]" time="0.016" /><testcase classname="tests.test_benchmark_measure" name="test_stream_errors_cannot_be_counted_as_completed[no_done-[DONE]]" time="0.016" /><testcase classname="tests.test_benchmark_measure" name="test_stream_timeout_is_bounded_and_preserves_partial_results" time="0.037" /><testcase classname="tests.test_benchmark_measure" name="test_two_warmups_five_repeats_fingerprints_and_missing_device_evidence" time="0.221" /><testcase classname="tests.test_benchmark_measure" name="test_request_failures_are_retained_across_all_five_repeats" time="0.093" /><testcase classname="tests.test_benchmark_measure" name="test_context_limit_is_recorded_without_silently_shortening_input" time="0.067" /><testcase classname="tests.test_benchmark_measure" name="test_default_lengths_are_explicit_standard_scope_and_keep_full_policy_matrix" time="0.421" /><testcase classname="tests.test_benchmark_measure" name="test_missing_local_model_is_a_persisted_failure_not_a_download" time="0.004" /><testcase classname="tests.test_benchmark_measure" name="test_client_does_not_redirect_workload_to_an_unrequested_remote_server[http://example.com]" time="0.001" /><testcase classname="tests.test_benchmark_measure" name="test_client_does_not_redirect_workload_to_an_unrequested_remote_server[ftp://localhost]" time="0.001" /><testcase classname="tests.test_benchmark_measure" name="test_client_does_not_redirect_workload_to_an_unrequested_remote_server[http://localhost/v1]" time="0.001" /><testcase classname="tests.test_benchmark_measure" name="test_client_does_not_redirect_workload_to_an_unrequested_remote_server[http://user:password@localhost]" time="0.000" /><testcase classname="tests.test_build_reuse" name="test_same_completed_build_skips_cmake_and_preserves_evidence" time="0.005" /><testcase classname="tests.test_build_reuse" name="test_changed_build_configuration_cleans_before_rebuild[source]" time="0.006" /><testcase classname="tests.test_build_reuse" name="test_changed_build_configuration_cleans_before_rebuild[cann-version]" time="0.008" /><testcase classname="tests.test_build_reuse" name="test_changed_build_configuration_cleans_before_rebuild[package-version]" time="0.005" /><testcase classname="tests.test_build_reuse" name="test_changed_build_configuration_cleans_before_rebuild[compiler-flags]" time="0.005" /><testcase classname="tests.test_build_reuse" name="test_incomplete_or_corrupted_cache_is_cleanly_rebuilt[extension]" time="0.009" /><testcase classname="tests.test_build_reuse" name="test_incomplete_or_corrupted_cache_is_cleanly_rebuilt[kernel_library]" time="0.008" /><testcase classname="tests.test_build_reuse" name="test_incomplete_or_corrupted_cache_is_cleanly_rebuilt[missing-kernel]" time="0.007" /><testcase classname="tests.test_build_reuse" name="test_incomplete_or_corrupted_cache_is_cleanly_rebuilt[extra-kernel]" time="0.011" /><testcase classname="tests.test_build_reuse" name="test_incomplete_or_corrupted_cache_is_cleanly_rebuilt[invalid-state]" time="0.005" /><testcase classname="tests.test_build_reuse" name="test_incomplete_or_corrupted_cache_is_cleanly_rebuilt[missing-manifest]" time="0.007" /><testcase classname="tests.test_build_reuse" name="test_incomplete_or_corrupted_cache_is_cleanly_rebuilt[invalid-manifest]" time="0.005" /><testcase classname="tests.test_build_reuse" name="test_incomplete_or_corrupted_cache_is_cleanly_rebuilt[missing-capability]" time="0.006" /><testcase classname="tests.test_cv_contracts" name="test_cv_uses_cube_for_both_products_and_keeps_hf32_disabled" time="0.000" /><testcase classname="tests.test_cv_contracts" name="test_mtp_target_rows_share_one_tile_and_workspace_is_bounded" time="0.001" /><testcase classname="tests.test_cv_contracts" name="test_cv_metadata_and_outputs_have_distinct_schema_aliases" time="0.000" /><testcase classname="tests.test_cv_contracts" name="test_npu_cv_matches_independent_dense_pr_oracle[64-1-17]" time="0.001"><skipped type="pytest.skip" message="real NPU test is opt-in; CPU is not substituted">/Users/sunao2000/gpt_new_oscar/tests/test_cv_contracts.py:58: real NPU test is opt-in; CPU is not substituted</skipped></testcase><testcase classname="tests.test_cv_contracts" name="test_npu_cv_matches_independent_dense_pr_oracle[64-4-65]" time="0.001"><skipped type="pytest.skip" message="real NPU test is opt-in; CPU is not substituted">/Users/sunao2000/gpt_new_oscar/tests/test_cv_contracts.py:58: real NPU test is opt-in; CPU is not substituted</skipped></testcase><testcase classname="tests.test_cv_contracts" name="test_npu_cv_matches_independent_dense_pr_oracle[128-4-129]" time="0.000"><skipped type="pytest.skip" message="real NPU test is opt-in; CPU is not substituted">/Users/sunao2000/gpt_new_oscar/tests/test_cv_contracts.py:58: real NPU test is opt-in; CPU is not substituted</skipped></testcase><testcase classname="tests.test_cv_contracts" name="test_npu_cv_matches_independent_dense_pr_oracle[256-1-401]" time="0.000"><skipped type="pytest.skip" message="real NPU test is opt-in; CPU is not substituted">/Users/sunao2000/gpt_new_oscar/tests/test_cv_contracts.py:58: real NPU test is opt-in; CPU is not substituted</skipped></testcase><testcase classname="tests.test_cv_contracts" name="test_npu_cv_matches_independent_dense_pr_oracle[256-4-511]" time="0.000"><skipped type="pytest.skip" message="real NPU test is opt-in; CPU is not substituted">/Users/sunao2000/gpt_new_oscar/tests/test_cv_contracts.py:58: real NPU test is opt-in; CPU is not substituted</skipped></testcase><testcase classname="tests.test_cv_contracts" name="test_npu_cv_matches_independent_dense_pr_oracle[256-4-0]" time="0.000"><skipped type="pytest.skip" message="real NPU test is opt-in; CPU is not substituted">/Users/sunao2000/gpt_new_oscar/tests/test_cv_contracts.py:58: real NPU test is opt-in; CPU is not substituted</skipped></testcase><testcase classname="tests.test_cv_contracts" name="test_npu_cv_matches_independent_dense_pr_oracle[64-65-17]" time="0.001"><skipped type="pytest.skip" message="real NPU test is opt-in; CPU is not substituted">/Users/sunao2000/gpt_new_oscar/tests/test_cv_contracts.py:58: real NPU test is opt-in; CPU is not substituted</skipped></testcase><testcase classname="tests.test_cv_contracts" name="test_npu_batched_dma_preserves_heads_page_boundaries_and_partial_rows[64-33-511-2-1]" time="0.000"><skipped type="pytest.skip" message="real NPU test is opt-in; CPU is not substituted">/Users/sunao2000/gpt_new_oscar/tests/test_cv_contracts.py:58: real NPU test is opt-in; CPU is not substituted</skipped></testcase><testcase classname="tests.test_cv_contracts" name="test_npu_batched_dma_preserves_heads_page_boundaries_and_partial_rows[128-17-511-2-1]" time="0.000"><skipped type="pytest.skip" message="real NPU test is opt-in; CPU is not substituted">/Users/sunao2000/gpt_new_oscar/tests/test_cv_contracts.py:58: real NPU test is opt-in; CPU is not substituted</skipped></testcase><testcase classname="tests.test_cv_contracts" name="test_npu_batched_dma_preserves_heads_page_boundaries_and_partial_rows[256-17-511-2-1]" time="0.000"><skipped type="pytest.skip" message="real NPU test is opt-in; CPU is not substituted">/Users/sunao2000/gpt_new_oscar/tests/test_cv_contracts.py:58: real NPU test is opt-in; CPU is not substituted</skipped></testcase><testcase classname="tests.test_cv_contracts" name="test_npu_batched_dma_preserves_heads_page_boundaries_and_partial_rows[128-4-511-1-7]" time="0.001"><skipped type="pytest.skip" message="real NPU test is opt-in; CPU is not substituted">/Users/sunao2000/gpt_new_oscar/tests/test_cv_contracts.py:58: real NPU test is opt-in; CPU is not substituted</skipped></testcase><testcase classname="tests.test_cv_contracts" name="test_npu_cv_query_tail_survives_padding_and_reused_workspace[64-1]" time="0.000"><skipped type="pytest.skip" message="real NPU test is opt-in; CPU is not substituted">/Users/sunao2000/gpt_new_oscar/tests/test_cv_contracts.py:58: real NPU test is opt-in; CPU is not substituted</skipped></testcase><testcase classname="tests.test_cv_contracts" name="test_npu_cv_query_tail_survives_padding_and_reused_workspace[64-2]" time="0.000"><skipped type="pytest.skip" message="real NPU test is opt-in; CPU is not substituted">/Users/sunao2000/gpt_new_oscar/tests/test_cv_contracts.py:58: real NPU test is opt-in; CPU is not substituted</skipped></testcase><testcase classname="tests.test_cv_contracts" name="test_npu_cv_query_tail_survives_padding_and_reused_workspace[64-4]" time="0.000"><skipped type="pytest.skip" message="real NPU test is opt-in; CPU is not substituted">/Users/sunao2000/gpt_new_oscar/tests/test_cv_contracts.py:58: real NPU test is opt-in; CPU is not substituted</skipped></testcase><testcase classname="tests.test_cv_contracts" name="test_npu_cv_query_tail_survives_padding_and_reused_workspace[64-5]" time="0.000"><skipped type="pytest.skip" message="real NPU test is opt-in; CPU is not substituted">/Users/sunao2000/gpt_new_oscar/tests/test_cv_contracts.py:58: real NPU test is opt-in; CPU is not substituted</skipped></testcase><testcase classname="tests.test_cv_contracts" name="test_npu_cv_query_tail_survives_padding_and_reused_workspace[64-6]" time="0.001"><skipped type="pytest.skip" message="real NPU test is opt-in; CPU is not substituted">/Users/sunao2000/gpt_new_oscar/tests/test_cv_contracts.py:58: real NPU test is opt-in; CPU is not substituted</skipped></testcase><testcase classname="tests.test_cv_contracts" name="test_npu_cv_query_tail_survives_padding_and_reused_workspace[64-10]" time="0.001"><skipped type="pytest.skip" message="real NPU test is opt-in; CPU is not substituted">/Users/sunao2000/gpt_new_oscar/tests/test_cv_contracts.py:58: real NPU test is opt-in; CPU is not substituted</skipped></testcase><testcase classname="tests.test_cv_contracts" name="test_npu_cv_query_tail_survives_padding_and_reused_workspace[128-6]" time="0.001"><skipped type="pytest.skip" message="real NPU test is opt-in; CPU is not substituted">/Users/sunao2000/gpt_new_oscar/tests/test_cv_contracts.py:58: real NPU test is opt-in; CPU is not substituted</skipped></testcase><testcase classname="tests.test_cv_contracts" name="test_npu_cv_query_tail_survives_padding_and_reused_workspace[256-10]" time="0.001"><skipped type="pytest.skip" message="real NPU test is opt-in; CPU is not substituted">/Users/sunao2000/gpt_new_oscar/tests/test_cv_contracts.py:58: real NPU test is opt-in; CPU is not substituted</skipped></testcase><testcase classname="tests.test_cv_contracts" name="test_cpu_zeroed_tail_query_matches_reported_failure_fingerprint_only" time="0.036" /><testcase classname="tests.test_deploy_launcher" name="test_checked_in_target_has_current_task_devices_and_build_soc" time="0.000" /><testcase classname="tests.test_deploy_launcher" name="test_install_build_probes_and_formal_serve_share_configured_devices" time="0.005" /><testcase classname="tests.test_deploy_launcher" name="test_any_probe_failure_stops_formal_serve_and_keeps_original_code[probe-ops]" time="0.003" /><testcase classname="tests.test_deploy_launcher" name="test_any_probe_failure_stops_formal_serve_and_keeps_original_code[probe-cv]" time="0.003" /><testcase classname="tests.test_deploy_launcher" name="test_any_probe_failure_stops_formal_serve_and_keeps_original_code[service-probe]" time="0.004" /><testcase classname="tests.test_deploy_launcher" name="test_resource_release_failure_blocks_formal_serve_even_when_probe_exits_zero" time="0.004" /><testcase classname="tests.test_inspect_run" name="test_inspect_collects_existing_run_without_device_or_signal_calls" time="0.002" /><testcase classname="tests.test_inspect_run" name="test_inspect_rejects_other_project_paths" time="0.001" /><testcase classname="tests.test_inspect_run" name="test_tail_is_bounded" time="0.001" /><testcase classname="tests.test_integration_contracts.TargetContracts" name="test_configuration_failure_writes_deployment_status" time="0.058" /><testcase classname="tests.test_integration_contracts.TargetContracts" name="test_existing_plugin_allowlist_cannot_exclude_ascend" time="0.000" /><testcase classname="tests.test_integration_contracts.TargetContracts" name="test_failed_probe_preserves_code_and_stops_later_phases" time="0.123" /><testcase classname="tests.test_integration_contracts.TargetContracts" name="test_geometry_inconsistent_layer_count_is_rejected" time="0.001" /><testcase classname="tests.test_integration_contracts.TargetContracts" name="test_h14_command_matches_supplied_appendix_a" time="0.001" /><testcase classname="tests.test_integration_contracts.TargetContracts" name="test_missing_full_service_probe_cannot_leave_running_status" time="0.003" /><testcase classname="tests.test_integration_contracts.TargetContracts" name="test_prepare_rotations_public_api_binding" time="0.000" /><testcase classname="tests.test_integration_contracts.NativeHookCacheContracts" name="test_failed_future_callback_restores_its_partial_patch" time="0.001" /><testcase classname="tests.test_integration_contracts.NativeHookCacheContracts" name="test_inherited_descriptor_is_removed_on_restore" time="0.000" /><testcase classname="tests.test_integration_contracts.NativeHookCacheContracts" name="test_selector_cache_is_invalidated_on_install_and_restore" time="0.001" /><testcase classname="tests.test_layout.LayoutTests" name="test_aos_formula_would_corrupt_a_different_gdn_page" time="0.000" /><testcase classname="tests.test_layout.LayoutTests" name="test_full_regions_are_disjoint_from_all_conv_and_other_ssm_pages" time="0.000" /><testcase classname="tests.test_layout.LayoutTests" name="test_insufficient_ssm_capacity_is_explicit" time="0.000" /><testcase classname="tests.test_layout.LayoutTests" name="test_lcm_alignment_prevents_scheduler_lcm_explosion" time="0.001" /><testcase classname="tests.test_layout.LayoutTests" name="test_native_padded_page_is_charged_without_inventing_fp32_state" time="0.001" /><testcase classname="tests.test_layout.LayoutTests" name="test_native_virtual_slots_preserve_physical_identity" time="0.001" /><testcase classname="tests.test_layout.LayoutTests" name="test_non_multiple_dimensions_and_heads_are_charged_separately" time="0.000" /><testcase classname="tests.test_layout.LayoutTests" name="test_padding_and_out_of_bounds_have_no_address" time="0.000" /><testcase classname="tests.test_layout.LayoutTests" name="test_physical_pools_not_layer_count_and_all_extras_are_charged" time="0.000" /><testcase classname="tests.test_layout.LayoutTests" name="test_pr_byte_offsets" time="0.000" /><testcase classname="tests.test_layout.LayoutTests" name="test_request_span_alignment_remains_required_for_cached_modes" time="0.002" /><testcase classname="tests.test_layout.LayoutTests" name="test_uncached_request_span_is_not_full_page_alignment" time="0.001" /><testcase classname="tests.test_layout.MetadataTests" name="test_archive_36_truncated_block_table_capacity_fails" time="0.001" /><testcase classname="tests.test_layout.MetadataTests" name="test_dummy_capture_only_marks_origin_and_does_not_mutate_slots" time="0.001" /><testcase classname="tests.test_layout.MetadataTests" name="test_mtp_capture_padding_is_counted" time="0.001" /><testcase classname="tests.test_layout.MetadataTests" name="test_native_buffers_are_reused_without_data_reads" time="0.000" /><testcase classname="tests.test_layout.MetadataTests" name="test_noncausal_is_explicitly_rejected" time="0.000" /><testcase classname="tests.test_lifecycle" name="test_target_snapshots_use_only_native_padding" time="0.001" /><testcase classname="tests.test_lifecycle" name="test_views_alias_original_storage_and_preserve_every_gdn_byte" time="0.489" /><testcase classname="tests.test_lifecycle" name="test_all_mtp_acceptance_lengths_preserve_committed_exact_window[0-64]" time="0.002" /><testcase classname="tests.test_lifecycle" name="test_all_mtp_acceptance_lengths_preserve_committed_exact_window[0-255]" time="0.005" /><testcase classname="tests.test_lifecycle" name="test_all_mtp_acceptance_lengths_preserve_committed_exact_window[0-256]" time="0.007" /><testcase classname="tests.test_lifecycle" name="test_all_mtp_acceptance_lengths_preserve_committed_exact_window[0-319]" time="0.005" /><testcase classname="tests.test_lifecycle" name="test_all_mtp_acceptance_lengths_preserve_committed_exact_window[0-320]" time="0.008" /><testcase classname="tests.test_lifecycle" name="test_all_mtp_acceptance_lengths_preserve_committed_exact_window[0-321]" time="0.004" /><testcase classname="tests.test_lifecycle" name="test_all_mtp_acceptance_lengths_preserve_committed_exact_window[0-2302]" time="0.009" /><testcase classname="tests.test_lifecycle" name="test_all_mtp_acceptance_lengths_preserve_committed_exact_window[0-2304]" time="0.016" /><testcase classname="tests.test_lifecycle" name="test_all_mtp_acceptance_lengths_preserve_committed_exact_window[0-2305]" time="0.009" /><testcase classname="tests.test_lifecycle" name="test_all_mtp_acceptance_lengths_preserve_committed_exact_window[0-4608]" time="0.027" /><testcase classname="tests.test_lifecycle" name="test_all_mtp_acceptance_lengths_preserve_committed_exact_window[0-10000]" time="0.070" /><testcase classname="tests.test_lifecycle" name="test_all_mtp_acceptance_lengths_preserve_committed_exact_window[1-64]" time="0.001" /><testcase classname="tests.test_lifecycle" name="test_all_mtp_acceptance_lengths_preserve_committed_exact_window[1-255]" time="0.002" /><testcase classname="tests.test_lifecycle" name="test_all_mtp_acceptance_lengths_preserve_committed_exact_window[1-256]" time="0.004" /><testcase classname="tests.test_lifecycle" name="test_all_mtp_acceptance_lengths_preserve_committed_exact_window[1-319]" time="0.008" /><testcase classname="tests.test_lifecycle" name="test_all_mtp_acceptance_lengths_preserve_committed_exact_window[1-320]" time="0.009" /><testcase classname="tests.test_lifecycle" name="test_all_mtp_acceptance_lengths_preserve_committed_exact_window[1-321]" time="0.009" /><testcase classname="tests.test_lifecycle" name="test_all_mtp_acceptance_lengths_preserve_committed_exact_window[1-2302]" time="0.023" /><testcase classname="tests.test_lifecycle" name="test_all_mtp_acceptance_lengths_preserve_committed_exact_window[1-2304]" time="0.013" /><testcase classname="tests.test_lifecycle" name="test_all_mtp_acceptance_lengths_preserve_committed_exact_window[1-2305]" time="0.011" /><testcase classname="tests.test_lifecycle" name="test_all_mtp_acceptance_lengths_preserve_committed_exact_window[1-4608]" time="0.025" /><testcase classname="tests.test_lifecycle" name="test_all_mtp_acceptance_lengths_preserve_committed_exact_window[1-10000]" time="0.053" /><testcase classname="tests.test_lifecycle" name="test_all_mtp_acceptance_lengths_preserve_committed_exact_window[2-64]" time="0.001" /><testcase classname="tests.test_lifecycle" name="test_all_mtp_acceptance_lengths_preserve_committed_exact_window[2-255]" time="0.002" /><testcase classname="tests.test_lifecycle" name="test_all_mtp_acceptance_lengths_preserve_committed_exact_window[2-256]" time="0.002" /><testcase classname="tests.test_lifecycle" name="test_all_mtp_acceptance_lengths_preserve_committed_exact_window[2-319]" time="0.005" /><testcase classname="tests.test_lifecycle" name="test_all_mtp_acceptance_lengths_preserve_committed_exact_window[2-320]" time="0.008" /><testcase classname="tests.test_lifecycle" name="test_all_mtp_acceptance_lengths_preserve_committed_exact_window[2-321]" time="0.009" /><testcase classname="tests.test_lifecycle" name="test_all_mtp_acceptance_lengths_preserve_committed_exact_window[2-2302]" time="0.016" /><testcase classname="tests.test_lifecycle" name="test_all_mtp_acceptance_lengths_preserve_committed_exact_window[2-2304]" time="0.010" /><testcase classname="tests.test_lifecycle" name="test_all_mtp_acceptance_lengths_preserve_committed_exact_window[2-2305]" time="0.027" /><testcase classname="tests.test_lifecycle" name="test_all_mtp_acceptance_lengths_preserve_committed_exact_window[2-4608]" time="0.034" /><testcase classname="tests.test_lifecycle" name="test_all_mtp_acceptance_lengths_preserve_committed_exact_window[2-10000]" time="0.043" /><testcase classname="tests.test_lifecycle" name="test_all_mtp_acceptance_lengths_preserve_committed_exact_window[3-64]" time="0.003" /><testcase classname="tests.test_lifecycle" name="test_all_mtp_acceptance_lengths_preserve_committed_exact_window[3-255]" time="0.007" /><testcase classname="tests.test_lifecycle" name="test_all_mtp_acceptance_lengths_preserve_committed_exact_window[3-256]" time="0.003" /><testcase classname="tests.test_lifecycle" name="test_all_mtp_acceptance_lengths_preserve_committed_exact_window[3-319]" time="0.007" /><testcase classname="tests.test_lifecycle" name="test_all_mtp_acceptance_lengths_preserve_committed_exact_window[3-320]" time="0.003" /><testcase classname="tests.test_lifecycle" name="test_all_mtp_acceptance_lengths_preserve_committed_exact_window[3-321]" time="0.003" /><testcase classname="tests.test_lifecycle" name="test_all_mtp_acceptance_lengths_preserve_committed_exact_window[3-2302]" time="0.009" /><testcase classname="tests.test_lifecycle" name="test_all_mtp_acceptance_lengths_preserve_committed_exact_window[3-2304]" time="0.009" /><testcase classname="tests.test_lifecycle" name="test_all_mtp_acceptance_lengths_preserve_committed_exact_window[3-2305]" time="0.009" /><testcase classname="tests.test_lifecycle" name="test_all_mtp_acceptance_lengths_preserve_committed_exact_window[3-4608]" time="0.015" /><testcase classname="tests.test_lifecycle" name="test_all_mtp_acceptance_lengths_preserve_committed_exact_window[3-10000]" time="0.031" /><testcase classname="tests.test_lifecycle" name="test_every_cached_prefix_boundary_retains_exact_tail_after_long_prefill" time="0.050" /><testcase classname="tests.test_lifecycle" name="test_recycled_page_does_not_need_a_batch_row_owner" time="0.009" /><testcase classname="tests.test_lifecycle" name="test_causal_partition_has_no_duplicates_or_missing_positions[1]" time="0.000" /><testcase classname="tests.test_lifecycle" name="test_causal_partition_has_no_duplicates_or_missing_positions[63]" time="0.000" /><testcase classname="tests.test_lifecycle" name="test_causal_partition_has_no_duplicates_or_missing_positions[64]" time="0.000" /><testcase classname="tests.test_lifecycle" name="test_causal_partition_has_no_duplicates_or_missing_positions[65]" time="0.000" /><testcase classname="tests.test_lifecycle" name="test_causal_partition_has_no_duplicates_or_missing_positions[319]" time="0.000" /><testcase classname="tests.test_lifecycle" name="test_causal_partition_has_no_duplicates_or_missing_positions[320]" time="0.000" /><testcase classname="tests.test_lifecycle" name="test_causal_partition_has_no_duplicates_or_missing_positions[321]" time="0.000" /><testcase classname="tests.test_lifecycle" name="test_causal_partition_has_no_duplicates_or_missing_positions[16384]" time="0.000" /><testcase classname="tests.test_lifecycle" name="test_causal_partition_has_no_duplicates_or_missing_positions[32768]" time="0.000" /><testcase classname="tests.test_lifecycle" name="test_causal_partition_has_no_duplicates_or_missing_positions[50000]" time="0.000" /><testcase classname="tests.test_lifecycle" name="test_causal_partition_has_no_duplicates_or_missing_positions[262144]" time="0.000" /><testcase classname="tests.test_lifecycle" name="test_snapshot_capacity_mismatch_is_not_an_int2_window_substitution" time="0.000" /><testcase classname="tests.test_lifecycle" name="test_current_chunk_is_uncompressed_without_recovering_history" time="0.000" /><testcase classname="tests.test_live_output" name="test_phase_forwards_stdout_stderr_and_partial_line_before_child_exit[False]" time="0.113" /><testcase classname="tests.test_live_output" name="test_phase_forwards_stdout_stderr_and_partial_line_before_child_exit[True]" time="0.220" /><testcase classname="tests.test_live_output" name="test_timeout_drains_signal_handler_output_and_keeps_final_status" time="1.062" /><testcase classname="tests.test_live_output" name="test_spawn_error_is_visible_and_logged" time="0.010" /><testcase classname="tests.test_live_output" name="test_cleanup_error_is_visible_without_erasing_original_exit_code" time="0.113" /><testcase classname="tests.test_live_output" name="test_service_startup_and_ongoing_output_reach_terminal_before_response" time="0.357" /><testcase classname="tests.test_live_output" name="test_large_output_and_split_unicode_are_preserved" time="0.117" /><testcase classname="tests.test_loader_linkage" name="test_preloads_validated_absolute_kernel_before_extension_dlopen" time="0.003" /><testcase classname="tests.test_loader_linkage" name="test_preloaded_handle_lives_with_cached_extension" time="0.046" /><testcase classname="tests.test_loader_linkage" name="test_preload_failure_exposes_exact_dependency_and_stops_extension_import" time="0.002" /><testcase classname="tests.test_loader_linkage" name="test_extension_import_failure_does_not_publish_loaded_success" time="0.002" /><testcase classname="tests.test_loader_linkage" name="test_hash_mismatch_fails_before_backend_import_or_preload[extension]" time="0.002" /><testcase classname="tests.test_loader_linkage" name="test_hash_mismatch_fails_before_backend_import_or_preload[kernel]" time="0.002" /><testcase classname="tests.test_loader_linkage" name="test_missing_kernel_fails_before_backend_import_or_preload" time="0.001" /><testcase classname="tests.test_loader_linkage" name="test_changed_source_fails_before_backend_import_or_preload" time="0.002" /><testcase classname="tests.test_loader_linkage" name="test_second_build_in_same_process_cannot_replace_loaded_device_code" time="0.003" /><testcase classname="tests.test_loader_linkage" name="test_real_elf_dependency_without_rpath_loads_after_exact_kernel_preload" time="0.000"><skipped type="pytest.skip" message="ELF DT_NEEDED/SONAME regression requires Linux">/Users/sunao2000/gpt_new_oscar/tests/test_loader_linkage.py:202: ELF DT_NEEDED/SONAME regression requires Linux</skipped></testcase><testcase classname="tests.test_meta_dispatch" name="test_cpp_schemas_accept_out_only_abstract_dispatch" time="0.003" /><testcase classname="tests.test_no_fallback_static" name="test_production_cannot_import_test_oracle" time="0.030" /><testcase classname="tests.test_no_fallback_static" name="test_no_silent_exception_swallowing" time="0.060" /><testcase classname="tests.test_no_fallback_static" name="test_online_hooks_do_not_copy_device_data_to_host" time="0.004" /><testcase classname="tests.test_no_fallback_static" name="test_shell_scripts_do_not_copy_or_modify_native_sources" time="0.001" /><testcase classname="tests.test_no_fallback_static" name="test_source_headers_trace_archive" time="0.011" /><testcase classname="tests.test_op_contracts.OperatorContractTests" name="test_artifact_replacement_with_preserved_mtime_is_rejected" time="0.002" /><testcase classname="tests.test_op_contracts.OperatorContractTests" name="test_bounded_split_shape_and_empty_batch" time="0.000" /><testcase classname="tests.test_op_contracts.OperatorContractTests" name="test_configuration_digest_is_checked" time="0.001" /><testcase classname="tests.test_op_contracts.OperatorContractTests" name="test_configure_manifest_is_not_build_evidence" time="0.001" /><testcase classname="tests.test_op_contracts.OperatorContractTests" name="test_disagreeing_runtime_manifest_and_build_state_are_rejected" time="0.002" /><testcase classname="tests.test_op_contracts.OperatorContractTests" name="test_exact_pr_layout" time="0.000" /><testcase classname="tests.test_op_contracts.OperatorContractTests" name="test_subpages_map_without_crossing_conv_or_next_ssm_page" time="0.000" /><testcase classname="tests.test_op_contracts.OperatorContractTests" name="test_two_components_cannot_claim_complete_production" time="0.001" /><testcase classname="tests.test_op_contracts.OperatorContractTests" name="test_underallocation_is_rejected" time="0.001" /><testcase classname="tests.test_plog" name="test_only_recent_owned_files_or_explicit_owned_lines_are_read" time="0.002" /><testcase classname="tests.test_plog" name="test_default_user_root_and_tilde_are_explicit_and_broad_roots_are_rejected" time="0.001" /><testcase classname="tests.test_plog" name="test_log_file_byte_excerpt_and_scan_bounds" time="0.002" /><testcase classname="tests.test_plog" name="test_root_cause_error_is_not_crowded_out_by_oscar_info_lines" time="0.002" /><testcase classname="tests.test_plog" name="test_diagnostic_error_never_overwrites_the_original_failure" time="0.000" /><testcase classname="tests.test_plog" name="test_operator_probe_failure_attaches_current_pid_fixture_without_npu" time="0.002" /><testcase classname="tests.test_plog" name="test_process_group_ledger_excludes_a_real_unrelated_group" time="0.051" /><testcase classname="tests.test_plog" name="test_failed_owned_server_fixture_is_attributed_after_cleanup" time="0.286" /><testcase classname="tests.test_plugin.PluginTests" name="test_alternative_native_dense_backend_does_not_bypass_readiness" time="0.003" /><testcase classname="tests.test_plugin.PluginTests" name="test_classmethod_signature_idempotence_and_exact_restore" time="0.001" /><testcase classname="tests.test_plugin.PluginTests" name="test_disabled_registration_does_not_change_host" time="0.001" /><testcase classname="tests.test_plugin.PluginTests" name="test_enabled_dense_route_cannot_succeed_without_runtime" time="0.002" /><testcase classname="tests.test_plugin.PluginTests" name="test_encoder_route_is_outside_full_decoder_scope" time="0.001" /><testcase classname="tests.test_plugin.PluginTests" name="test_fresh_interpreter_register_imports_no_heavy_modules" time="0.083" /><testcase classname="tests.test_plugin.PluginTests" name="test_future_import_runs_the_existing_loader_before_patching" time="0.001" /><testcase classname="tests.test_plugin.PluginTests" name="test_missing_provider_methods_are_explicit" time="0.001" /><testcase classname="tests.test_plugin.PluginTests" name="test_partial_installation_rolls_back" time="0.002" /><testcase classname="tests.test_plugin.PluginTests" name="test_runner_hooks_delegate_to_concrete_provider" time="0.001" /><testcase classname="tests.test_plugin.PluginTests" name="test_runtime_factory_is_lazy_and_once" time="0.001" /><testcase classname="tests.test_profile_evidence" name="test_disabled_timing_does_not_create_events_clock_or_import_torch" time="0.001" /><testcase classname="tests.test_profile_evidence" name="test_explicit_debug_sync_records_progress_and_never_syncs_capture[False]" time="0.003" /><testcase classname="tests.test_profile_evidence" name="test_explicit_debug_sync_records_progress_and_never_syncs_capture[True]" time="0.003" /><testcase classname="tests.test_profile_evidence" name="test_debug_sync_failure_retains_last_device_phase" time="0.004" /><testcase classname="tests.test_profile_evidence" name="test_phase_rejects_tensor_like_metadata_and_reserved_fields" time="0.001" /><testcase classname="tests.test_profile_evidence" name="test_npu_absence_creates_not_run_without_fabricated_times" time="0.003" /><testcase classname="tests.test_profile_evidence" name="test_host_scope_and_cpu_launch_cannot_be_device_times" time="0.000" /><testcase classname="tests.test_profile_evidence" name="test_overlapping_cube_vector_durations_do_not_double_count_busy_time" time="0.000" /><testcase classname="tests.test_profile_evidence" name="test_explicit_flow_attributes_opaque_graph_kernel_to_record_scope" time="0.000" /><testcase classname="tests.test_profile_evidence" name="test_explicit_correlation_links_device_to_host_launch_scope" time="0.000" /><testcase classname="tests.test_profile_evidence" name="test_standalone_history_restore_is_flagged_but_no_bytes_are_invented" time="0.000" /><testcase classname="tests.test_profile_evidence" name="test_missing_trace_cli_is_not_run_and_synthetic_trace_cannot_pass_gate" time="0.002" /><testcase classname="tests.test_profile_evidence" name="test_invalid_device_duration_is_rejected[nan]" time="0.000" /><testcase classname="tests.test_profile_evidence" name="test_invalid_device_duration_is_rejected[inf]" time="0.000" /><testcase classname="tests.test_profile_evidence" name="test_invalid_device_duration_is_rejected[-1]" time="0.000" /><testcase classname="tests.test_reference" name="test_lsb_pack_unpack_with_zero_tail_bits[1]" time="0.001" /><testcase classname="tests.test_reference" name="test_lsb_pack_unpack_with_zero_tail_bits[3]" time="0.000" /><testcase classname="tests.test_reference" name="test_lsb_pack_unpack_with_zero_tail_bits[4]" time="0.000" /><testcase classname="tests.test_reference" name="test_lsb_pack_unpack_with_zero_tail_bits[5]" time="0.000" /><testcase classname="tests.test_reference" name="test_lsb_pack_unpack_with_zero_tail_bits[63]" time="0.000" /><testcase classname="tests.test_reference" name="test_lsb_pack_unpack_with_zero_tail_bits[64]" time="0.000" /><testcase classname="tests.test_reference" name="test_lsb_pack_unpack_with_zero_tail_bits[128]" time="0.000" /><testcase classname="tests.test_reference" name="test_lsb_pack_unpack_with_zero_tail_bits[256]" time="0.000" /><testcase classname="tests.test_reference" name="test_pack_rejects_out_of_range_and_floating_codes" time="0.000" /><testcase classname="tests.test_reference" name="test_store_is_scalar_pr_exact_with_fp16_metadata_first[values0]" time="0.001" /><testcase classname="tests.test_reference" name="test_store_is_scalar_pr_exact_with_fp16_metadata_first[values1]" time="0.002" /><testcase classname="tests.test_reference" name="test_store_is_scalar_pr_exact_with_fp16_metadata_first[values2]" time="0.002" /><testcase classname="tests.test_reference" name="test_half_integer_bins_are_not_round_to_even" time="0.001" /><testcase classname="tests.test_reference" name="test_undefined_or_nonfinite_metadata_domain_fails[value0]" time="0.000" /><testcase classname="tests.test_reference" name="test_undefined_or_nonfinite_metadata_domain_fails[value1]" time="0.000" /><testcase classname="tests.test_reference" name="test_undefined_or_nonfinite_metadata_domain_fails[value2]" time="0.000" /><testcase classname="tests.test_reference" name="test_undefined_or_nonfinite_metadata_domain_fails[value3]" time="0.000" /><testcase classname="tests.test_reference" name="test_undefined_or_nonfinite_metadata_domain_fails[value4]" time="0.000" /><testcase classname="tests.test_reference" name="test_store_dequant_matches_pr_dense_oracle[64]" time="0.002" /><testcase classname="tests.test_reference" name="test_store_dequant_matches_pr_dense_oracle[128]" time="0.001" /><testcase classname="tests.test_reference" name="test_store_dequant_matches_pr_dense_oracle[256]" time="0.001" /><testcase classname="tests.test_reference" name="test_rotation_then_abs_percentile_clip" time="0.006" /><testcase classname="tests.test_reference" name="test_request_windows_partition_without_negative_or_overlap[0]" time="0.000" /><testcase classname="tests.test_reference" name="test_request_windows_partition_without_negative_or_overlap[1]" time="0.000" /><testcase classname="tests.test_reference" name="test_request_windows_partition_without_negative_or_overlap[63]" time="0.000" /><testcase classname="tests.test_reference" name="test_request_windows_partition_without_negative_or_overlap[64]" time="0.000" /><testcase classname="tests.test_reference" name="test_request_windows_partition_without_negative_or_overlap[65]" time="0.000" /><testcase classname="tests.test_reference" name="test_request_windows_partition_without_negative_or_overlap[319]" time="0.000" /><testcase classname="tests.test_reference" name="test_request_windows_partition_without_negative_or_overlap[320]" time="0.000" /><testcase classname="tests.test_reference" name="test_request_windows_partition_without_negative_or_overlap[321]" time="0.000" /><testcase classname="tests.test_reference" name="test_request_windows_partition_without_negative_or_overlap[16384]" time="0.000" /><testcase classname="tests.test_reference" name="test_request_windows_partition_without_negative_or_overlap[32768]" time="0.000" /><testcase classname="tests.test_reference" name="test_request_windows_partition_without_negative_or_overlap[50000]" time="0.000" /><testcase classname="tests.test_reference" name="test_request_windows_partition_without_negative_or_overlap[262144]" time="0.000" /><testcase classname="tests.test_reference" name="test_causal_gqa_matches_independent_sdpa[1-17-4-1]" time="0.007" /><testcase classname="tests.test_reference" name="test_causal_gqa_matches_independent_sdpa[4-31-8-2]" time="0.002" /><testcase classname="tests.test_reference" name="test_causal_gqa_matches_independent_sdpa[11-11-4-2]" time="0.002" /><testcase classname="tests.test_reference" name="test_segment_merge_matches_dense_and_handles_empty_rows" time="0.004" /><testcase classname="tests.test_reference" name="test_merge_never_hides_nonfinite_numerics" time="0.000" /><testcase classname="tests.test_reference" name="test_compressed_rotated_decode_and_prefill_with_exact_windows" time="0.008" /><testcase classname="tests.test_reference" name="test_query_rotation_and_value_inverse_are_equivalent" time="0.008" /><testcase classname="tests.test_rotation_npu" name="test_rotation_ascendc_real_npu[rotate_64_0-logical-npu-0]" time="0.000"><skipped type="pytest.skip" message="not_run: real NPU rotation gate requires OSCAR_RUN_NPU_TESTS=1">/Users/sunao2000/gpt_new_oscar/tests/test_rotation_npu.py:145: not_run: real NPU rotation gate requires OSCAR_RUN_NPU_TESTS=1</skipped></testcase><testcase classname="tests.test_rotation_npu" name="test_rotation_ascendc_real_npu[rotate_64_0-logical-npu-1]" time="0.000"><skipped type="pytest.skip" message="not_run: real NPU rotation gate requires OSCAR_RUN_NPU_TESTS=1">/Users/sunao2000/gpt_new_oscar/tests/test_rotation_npu.py:145: not_run: real NPU rotation gate requires OSCAR_RUN_NPU_TESTS=1</skipped></testcase><testcase classname="tests.test_rotation_npu" name="test_rotation_ascendc_real_npu[rotate_64_0-logical-npu-2]" time="0.000"><skipped type="pytest.skip" message="not_run: real NPU rotation gate requires OSCAR_RUN_NPU_TESTS=1">/Users/sunao2000/gpt_new_oscar/tests/test_rotation_npu.py:145: not_run: real NPU rotation gate requires OSCAR_RUN_NPU_TESTS=1</skipped></testcase><testcase classname="tests.test_rotation_npu" name="test_rotation_ascendc_real_npu[rotate_64_0-logical-npu-3]" time="0.000"><skipped type="pytest.skip" message="not_run: real NPU rotation gate requires OSCAR_RUN_NPU_TESTS=1">/Users/sunao2000/gpt_new_oscar/tests/test_rotation_npu.py:145: not_run: real NPU rotation gate requires OSCAR_RUN_NPU_TESTS=1</skipped></testcase><testcase classname="tests.test_rotation_npu" name="test_rotation_ascendc_real_npu[rotate_masked_64_0-logical-npu-0]" time="0.000"><skipped type="pytest.skip" message="not_run: real NPU rotation gate requires OSCAR_RUN_NPU_TESTS=1">/Users/sunao2000/gpt_new_oscar/tests/test_rotation_npu.py:145: not_run: real NPU rotation gate requires OSCAR_RUN_NPU_TESTS=1</skipped></testcase><testcase classname="tests.test_rotation_npu" name="test_rotation_ascendc_real_npu[rotate_masked_64_0-logical-npu-1]" time="0.000"><skipped type="pytest.skip" message="not_run: real NPU rotation gate requires OSCAR_RUN_NPU_TESTS=1">/Users/sunao2000/gpt_new_oscar/tests/test_rotation_npu.py:145: not_run: real NPU rotation gate requires OSCAR_RUN_NPU_TESTS=1</skipped></testcase><testcase classname="tests.test_rotation_npu" name="test_rotation_ascendc_real_npu[rotate_masked_64_0-logical-npu-2]" time="0.000"><skipped type="pytest.skip" message="not_run: real NPU rotation gate requires OSCAR_RUN_NPU_TESTS=1">/Users/sunao2000/gpt_new_oscar/tests/test_rotation_npu.py:145: not_run: real NPU rotation gate requires OSCAR_RUN_NPU_TESTS=1</skipped></testcase><testcase classname="tests.test_rotation_npu" name="test_rotation_ascendc_real_npu[rotate_masked_64_0-logical-npu-3]" time="0.000"><skipped type="pytest.skip" message="not_run: real NPU rotation gate requires OSCAR_RUN_NPU_TESTS=1">/Users/sunao2000/gpt_new_oscar/tests/test_rotation_npu.py:145: not_run: real NPU rotation gate requires OSCAR_RUN_NPU_TESTS=1</skipped></testcase><testcase classname="tests.test_rotation_npu" name="test_rotation_ascendc_real_npu[rotate_store_64_0_0.00-logical-npu-0]" time="0.000"><skipped type="pytest.skip" message="not_run: real NPU rotation gate requires OSCAR_RUN_NPU_TESTS=1">/Users/sunao2000/gpt_new_oscar/tests/test_rotation_npu.py:145: not_run: real NPU rotation gate requires OSCAR_RUN_NPU_TESTS=1</skipped></testcase><testcase classname="tests.test_rotation_npu" name="test_rotation_ascendc_real_npu[rotate_store_64_0_0.00-logical-npu-1]" time="0.000"><skipped type="pytest.skip" message="not_run: real NPU rotation gate requires OSCAR_RUN_NPU_TESTS=1">/Users/sunao2000/gpt_new_oscar/tests/test_rotation_npu.py:145: not_run: real NPU rotation gate requires OSCAR_RUN_NPU_TESTS=1</skipped></testcase><testcase classname="tests.test_rotation_npu" name="test_rotation_ascendc_real_npu[rotate_store_64_0_0.00-logical-npu-2]" time="0.000"><skipped type="pytest.skip" message="not_run: real NPU rotation gate requires OSCAR_RUN_NPU_TESTS=1">/Users/sunao2000/gpt_new_oscar/tests/test_rotation_npu.py:145: not_run: real NPU rotation gate requires OSCAR_RUN_NPU_TESTS=1</skipped></testcase><testcase classname="tests.test_rotation_npu" name="test_rotation_ascendc_real_npu[rotate_store_64_0_0.00-logical-npu-3]" time="0.000"><skipped type="pytest.skip" message="not_run: real NPU rotation gate requires OSCAR_RUN_NPU_TESTS=1">/Users/sunao2000/gpt_new_oscar/tests/test_rotation_npu.py:145: not_run: real NPU rotation gate requires OSCAR_RUN_NPU_TESTS=1</skipped></testcase><testcase classname="tests.test_rotation_npu" name="test_rotation_ascendc_real_npu[rotate_store_64_0_0.95-logical-npu-0]" time="0.000"><skipped type="pytest.skip" message="not_run: real NPU rotation gate requires OSCAR_RUN_NPU_TESTS=1">/Users/sunao2000/gpt_new_oscar/tests/test_rotation_npu.py:145: not_run: real NPU rotation gate requires OSCAR_RUN_NPU_TESTS=1</skipped></testcase><testcase classname="tests.test_rotation_npu" name="test_rotation_ascendc_real_npu[rotate_store_64_0_0.95-logical-npu-1]" time="0.000"><skipped type="pytest.skip" message="not_run: real NPU rotation gate requires OSCAR_RUN_NPU_TESTS=1">/Users/sunao2000/gpt_new_oscar/tests/test_rotation_npu.py:145: not_run: real NPU rotation gate requires OSCAR_RUN_NPU_TESTS=1</skipped></testcase><testcase classname="tests.test_rotation_npu" name="test_rotation_ascendc_real_npu[rotate_store_64_0_0.95-logical-npu-2]" time="0.000"><skipped type="pytest.skip" message="not_run: real NPU rotation gate requires OSCAR_RUN_NPU_TESTS=1">/Users/sunao2000/gpt_new_oscar/tests/test_rotation_npu.py:145: not_run: real NPU rotation gate requires OSCAR_RUN_NPU_TESTS=1</skipped></testcase><testcase classname="tests.test_rotation_npu" name="test_rotation_ascendc_real_npu[rotate_store_64_0_0.95-logical-npu-3]" time="0.000"><skipped type="pytest.skip" message="not_run: real NPU rotation gate requires OSCAR_RUN_NPU_TESTS=1">/Users/sunao2000/gpt_new_oscar/tests/test_rotation_npu.py:145: not_run: real NPU rotation gate requires OSCAR_RUN_NPU_TESTS=1</skipped></testcase><testcase classname="tests.test_rotation_npu" name="test_rotation_ascendc_real_npu[rotate_64_1-logical-npu-0]" time="0.000"><skipped type="pytest.skip" message="not_run: real NPU rotation gate requires OSCAR_RUN_NPU_TESTS=1">/Users/sunao2000/gpt_new_oscar/tests/test_rotation_npu.py:145: not_run: real NPU rotation gate requires OSCAR_RUN_NPU_TESTS=1</skipped></testcase><testcase classname="tests.test_rotation_npu" name="test_rotation_ascendc_real_npu[rotate_64_1-logical-npu-1]" time="0.000"><skipped type="pytest.skip" message="not_run: real NPU rotation gate requires OSCAR_RUN_NPU_TESTS=1">/Users/sunao2000/gpt_new_oscar/tests/test_rotation_npu.py:145: not_run: real NPU rotation gate requires OSCAR_RUN_NPU_TESTS=1</skipped></testcase><testcase classname="tests.test_rotation_npu" name="test_rotation_ascendc_real_npu[rotate_64_1-logical-npu-2]" time="0.000"><skipped type="pytest.skip" message="not_run: real NPU rotation gate requires OSCAR_RUN_NPU_TESTS=1">/Users/sunao2000/gpt_new_oscar/tests/test_rotation_npu.py:145: not_run: real NPU rotation gate requires OSCAR_RUN_NPU_TESTS=1</skipped></testcase><testcase classname="tests.test_rotation_npu" name="test_rotation_ascendc_real_npu[rotate_64_1-logical-npu-3]" time="0.000"><skipped type="pytest.skip" message="not_run: real NPU rotation gate requires OSCAR_RUN_NPU_TESTS=1">/Users/sunao2000/gpt_new_oscar/tests/test_rotation_npu.py:145: not_run: real NPU rotation gate requires OSCAR_RUN_NPU_TESTS=1</skipped></testcase><testcase classname="tests.test_rotation_npu" name="test_rotation_ascendc_real_npu[rotate_masked_64_1-logical-npu-0]" time="0.000"><skipped type="pytest.skip" message="not_run: real NPU rotation gate requires OSCAR_RUN_NPU_TESTS=1">/Users/sunao2000/gpt_new_oscar/tests/test_rotation_npu.py:145: not_run: real NPU rotation gate requires OSCAR_RUN_NPU_TESTS=1</skipped></testcase><testcase classname="tests.test_rotation_npu" name="test_rotation_ascendc_real_npu[rotate_masked_64_1-logical-npu-1]" time="0.000"><skipped type="pytest.skip" message="not_run: real NPU rotation gate requires OSCAR_RUN_NPU_TESTS=1">/Users/sunao2000/gpt_new_oscar/tests/test_rotation_npu.py:145: not_run: real NPU rotation gate requires OSCAR_RUN_NPU_TESTS=1</skipped></testcase><testcase classname="tests.test_rotation_npu" name="test_rotation_ascendc_real_npu[rotate_masked_64_1-logical-npu-2]" time="0.000"><skipped type="pytest.skip" message="not_run: real NPU rotation gate requires OSCAR_RUN_NPU_TESTS=1">/Users/sunao2000/gpt_new_oscar/tests/test_rotation_npu.py:145: not_run: real NPU rotation gate requires OSCAR_RUN_NPU_TESTS=1</skipped></testcase><testcase classname="tests.test_rotation_npu" name="test_rotation_ascendc_real_npu[rotate_masked_64_1-logical-npu-3]" time="0.000"><skipped type="pytest.skip" message="not_run: real NPU rotation gate requires OSCAR_RUN_NPU_TESTS=1">/Users/sunao2000/gpt_new_oscar/tests/test_rotation_npu.py:145: not_run: real NPU rotation gate requires OSCAR_RUN_NPU_TESTS=1</skipped></testcase><testcase classname="tests.test_rotation_npu" name="test_rotation_ascendc_real_npu[rotate_store_64_1_0.00-logical-npu-0]" time="0.000"><skipped type="pytest.skip" message="not_run: real NPU rotation gate requires OSCAR_RUN_NPU_TESTS=1">/Users/sunao2000/gpt_new_oscar/tests/test_rotation_npu.py:145: not_run: real NPU rotation gate requires OSCAR_RUN_NPU_TESTS=1</skipped></testcase><testcase classname="tests.test_rotation_npu" name="test_rotation_ascendc_real_npu[rotate_store_64_1_0.00-logical-npu-1]" time="0.000"><skipped type="pytest.skip" message="not_run: real NPU rotation gate requires OSCAR_RUN_NPU_TESTS=1">/Users/sunao2000/gpt_new_oscar/tests/test_rotation_npu.py:145: not_run: real NPU rotation gate requires OSCAR_RUN_NPU_TESTS=1</skipped></testcase><testcase classname="tests.test_rotation_npu" name="test_rotation_ascendc_real_npu[rotate_store_64_1_0.00-logical-npu-2]" time="0.000"><skipped type="pytest.skip" message="not_run: real NPU rotation gate requires OSCAR_RUN_NPU_TESTS=1">/Users/sunao2000/gpt_new_oscar/tests/test_rotation_npu.py:145: not_run: real NPU rotation gate requires OSCAR_RUN_NPU_TESTS=1</skipped></testcase><testcase classname="tests.test_rotation_npu" name="test_rotation_ascendc_real_npu[rotate_store_64_1_0.00-logical-npu-3]" time="0.000"><skipped type="pytest.skip" message="not_run: real NPU rotation gate requires OSCAR_RUN_NPU_TESTS=1">/Users/sunao2000/gpt_new_oscar/tests/test_rotation_npu.py:145: not_run: real NPU rotation gate requires OSCAR_RUN_NPU_TESTS=1</skipped></testcase><testcase classname="tests.test_rotation_npu" name="test_rotation_ascendc_real_npu[rotate_store_64_1_0.95-logical-npu-0]" time="0.000"><skipped type="pytest.skip" message="not_run: real NPU rotation gate requires OSCAR_RUN_NPU_TESTS=1">/Users/sunao2000/gpt_new_oscar/tests/test_rotation_npu.py:145: not_run: real NPU rotation gate requires OSCAR_RUN_NPU_TESTS=1</skipped></testcase><testcase classname="tests.test_rotation_npu" name="test_rotation_ascendc_real_npu[rotate_store_64_1_0.95-logical-npu-1]" time="0.000"><skipped type="pytest.skip" message="not_run: real NPU rotation gate requires OSCAR_RUN_NPU_TESTS=1">/Users/sunao2000/gpt_new_oscar/tests/test_rotation_npu.py:145: not_run: real NPU rotation gate requires OSCAR_RUN_NPU_TESTS=1</skipped></testcase><testcase classname="tests.test_rotation_npu" name="test_rotation_ascendc_real_npu[rotate_store_64_1_0.95-logical-npu-2]" time="0.000"><skipped type="pytest.skip" message="not_run: real NPU rotation gate requires OSCAR_RUN_NPU_TESTS=1">/Users/sunao2000/gpt_new_oscar/tests/test_rotation_npu.py:145: not_run: real NPU rotation gate requires OSCAR_RUN_NPU_TESTS=1</skipped></testcase><testcase classname="tests.test_rotation_npu" name="test_rotation_ascendc_real_npu[rotate_store_64_1_0.95-logical-npu-3]" time="0.000"><skipped type="pytest.skip" message="not_run: real NPU rotation gate requires OSCAR_RUN_NPU_TESTS=1">/Users/sunao2000/gpt_new_oscar/tests/test_rotation_npu.py:145: not_run: real NPU rotation gate requires OSCAR_RUN_NPU_TESTS=1</skipped></testcase><testcase classname="tests.test_rotation_npu" name="test_rotation_ascendc_real_npu[rotate_128_0-logical-npu-0]" time="0.000"><skipped type="pytest.skip" message="not_run: real NPU rotation gate requires OSCAR_RUN_NPU_TESTS=1">/Users/sunao2000/gpt_new_oscar/tests/test_rotation_npu.py:145: not_run: real NPU rotation gate requires OSCAR_RUN_NPU_TESTS=1</skipped></testcase><testcase classname="tests.test_rotation_npu" name="test_rotation_ascendc_real_npu[rotate_128_0-logical-npu-1]" time="0.000"><skipped type="pytest.skip" message="not_run: real NPU rotation gate requires OSCAR_RUN_NPU_TESTS=1">/Users/sunao2000/gpt_new_oscar/tests/test_rotation_npu.py:145: not_run: real NPU rotation gate requires OSCAR_RUN_NPU_TESTS=1</skipped></testcase><testcase classname="tests.test_rotation_npu" name="test_rotation_ascendc_real_npu[rotate_128_0-logical-npu-2]" time="0.000"><skipped type="pytest.skip" message="not_run: real NPU rotation gate requires OSCAR_RUN_NPU_TESTS=1">/Users/sunao2000/gpt_new_oscar/tests/test_rotation_npu.py:145: not_run: real NPU rotation gate requires OSCAR_RUN_NPU_TESTS=1</skipped></testcase><testcase classname="tests.test_rotation_npu" name="test_rotation_ascendc_real_npu[rotate_128_0-logical-npu-3]" time="0.000"><skipped type="pytest.skip" message="not_run: real NPU rotation gate requires OSCAR_RUN_NPU_TESTS=1">/Users/sunao2000/gpt_new_oscar/tests/test_rotation_npu.py:145: not_run: real NPU rotation gate requires OSCAR_RUN_NPU_TESTS=1</skipped></testcase><testcase classname="tests.test_rotation_npu" name="test_rotation_ascendc_real_npu[rotate_masked_128_0-logical-npu-0]" time="0.000"><skipped type="pytest.skip" message="not_run: real NPU rotation gate requires OSCAR_RUN_NPU_TESTS=1">/Users/sunao2000/gpt_new_oscar/tests/test_rotation_npu.py:145: not_run: real NPU rotation gate requires OSCAR_RUN_NPU_TESTS=1</skipped></testcase><testcase classname="tests.test_rotation_npu" name="test_rotation_ascendc_real_npu[rotate_masked_128_0-logical-npu-1]" time="0.000"><skipped type="pytest.skip" message="not_run: real NPU rotation gate requires OSCAR_RUN_NPU_TESTS=1">/Users/sunao2000/gpt_new_oscar/tests/test_rotation_npu.py:145: not_run: real NPU rotation gate requires OSCAR_RUN_NPU_TESTS=1</skipped></testcase><testcase classname="tests.test_rotation_npu" name="test_rotation_ascendc_real_npu[rotate_masked_128_0-logical-npu-2]" time="0.000"><skipped type="pytest.skip" message="not_run: real NPU rotation gate requires OSCAR_RUN_NPU_TESTS=1">/Users/sunao2000/gpt_new_oscar/tests/test_rotation_npu.py:145: not_run: real NPU rotation gate requires OSCAR_RUN_NPU_TESTS=1</skipped></testcase><testcase classname="tests.test_rotation_npu" name="test_rotation_ascendc_real_npu[rotate_masked_128_0-logical-npu-3]" time="0.000"><skipped type="pytest.skip" message="not_run: real NPU rotation gate requires OSCAR_RUN_NPU_TESTS=1">/Users/sunao2000/gpt_new_oscar/tests/test_rotation_npu.py:145: not_run: real NPU rotation gate requires OSCAR_RUN_NPU_TESTS=1</skipped></testcase><testcase classname="tests.test_rotation_npu" name="test_rotation_ascendc_real_npu[rotate_store_128_0_0.00-logical-npu-0]" time="0.000"><skipped type="pytest.skip" message="not_run: real NPU rotation gate requires OSCAR_RUN_NPU_TESTS=1">/Users/sunao2000/gpt_new_oscar/tests/test_rotation_npu.py:145: not_run: real NPU rotation gate requires OSCAR_RUN_NPU_TESTS=1</skipped></testcase><testcase classname="tests.test_rotation_npu" name="test_rotation_ascendc_real_npu[rotate_store_128_0_0.00-logical-npu-1]" time="0.000"><skipped type="pytest.skip" message="not_run: real NPU rotation gate requires OSCAR_RUN_NPU_TESTS=1">/Users/sunao2000/gpt_new_oscar/tests/test_rotation_npu.py:145: not_run: real NPU rotation gate requires OSCAR_RUN_NPU_TESTS=1</skipped></testcase><testcase classname="tests.test_rotation_npu" name="test_rotation_ascendc_real_npu[rotate_store_128_0_0.00-logical-npu-2]" time="0.000"><skipped type="pytest.skip" message="not_run: real NPU rotation gate requires OSCAR_RUN_NPU_TESTS=1">/Users/sunao2000/gpt_new_oscar/tests/test_rotation_npu.py:145: not_run: real NPU rotation gate requires OSCAR_RUN_NPU_TESTS=1</skipped></testcase><testcase classname="tests.test_rotation_npu" name="test_rotation_ascendc_real_npu[rotate_store_128_0_0.00-logical-npu-3]" time="0.000"><skipped type="pytest.skip" message="not_run: real NPU rotation gate requires OSCAR_RUN_NPU_TESTS=1">/Users/sunao2000/gpt_new_oscar/tests/test_rotation_npu.py:145: not_run: real NPU rotation gate requires OSCAR_RUN_NPU_TESTS=1</skipped></testcase><testcase classname="tests.test_rotation_npu" name="test_rotation_ascendc_real_npu[rotate_store_128_0_0.95-logical-npu-0]" time="0.000"><skipped type="pytest.skip" message="not_run: real NPU rotation gate requires OSCAR_RUN_NPU_TESTS=1">/Users/sunao2000/gpt_new_oscar/tests/test_rotation_npu.py:145: not_run: real NPU rotation gate requires OSCAR_RUN_NPU_TESTS=1</skipped></testcase><testcase classname="tests.test_rotation_npu" name="test_rotation_ascendc_real_npu[rotate_store_128_0_0.95-logical-npu-1]" time="0.000"><skipped type="pytest.skip" message="not_run: real NPU rotation gate requires OSCAR_RUN_NPU_TESTS=1">/Users/sunao2000/gpt_new_oscar/tests/test_rotation_npu.py:145: not_run: real NPU rotation gate requires OSCAR_RUN_NPU_TESTS=1</skipped></testcase><testcase classname="tests.test_rotation_npu" name="test_rotation_ascendc_real_npu[rotate_store_128_0_0.95-logical-npu-2]" time="0.000"><skipped type="pytest.skip" message="not_run: real NPU rotation gate requires OSCAR_RUN_NPU_TESTS=1">/Users/sunao2000/gpt_new_oscar/tests/test_rotation_npu.py:145: not_run: real NPU rotation gate requires OSCAR_RUN_NPU_TESTS=1</skipped></testcase><testcase classname="tests.test_rotation_npu" name="test_rotation_ascendc_real_npu[rotate_store_128_0_0.95-logical-npu-3]" time="0.000"><skipped type="pytest.skip" message="not_run: real NPU rotation gate requires OSCAR_RUN_NPU_TESTS=1">/Users/sunao2000/gpt_new_oscar/tests/test_rotation_npu.py:145: not_run: real NPU rotation gate requires OSCAR_RUN_NPU_TESTS=1</skipped></testcase><testcase classname="tests.test_rotation_npu" name="test_rotation_ascendc_real_npu[rotate_128_1-logical-npu-0]" time="0.000"><skipped type="pytest.skip" message="not_run: real NPU rotation gate requires OSCAR_RUN_NPU_TESTS=1">/Users/sunao2000/gpt_new_oscar/tests/test_rotation_npu.py:145: not_run: real NPU rotation gate requires OSCAR_RUN_NPU_TESTS=1</skipped></testcase><testcase classname="tests.test_rotation_npu" name="test_rotation_ascendc_real_npu[rotate_128_1-logical-npu-1]" time="0.000"><skipped type="pytest.skip" message="not_run: real NPU rotation gate requires OSCAR_RUN_NPU_TESTS=1">/Users/sunao2000/gpt_new_oscar/tests/test_rotation_npu.py:145: not_run: real NPU rotation gate requires OSCAR_RUN_NPU_TESTS=1</skipped></testcase><testcase classname="tests.test_rotation_npu" name="test_rotation_ascendc_real_npu[rotate_128_1-logical-npu-2]" time="0.000"><skipped type="pytest.skip" message="not_run: real NPU rotation gate requires OSCAR_RUN_NPU_TESTS=1">/Users/sunao2000/gpt_new_oscar/tests/test_rotation_npu.py:145: not_run: real NPU rotation gate requires OSCAR_RUN_NPU_TESTS=1</skipped></testcase><testcase classname="tests.test_rotation_npu" name="test_rotation_ascendc_real_npu[rotate_128_1-logical-npu-3]" time="0.000"><skipped type="pytest.skip" message="not_run: real NPU rotation gate requires OSCAR_RUN_NPU_TESTS=1">/Users/sunao2000/gpt_new_oscar/tests/test_rotation_npu.py:145: not_run: real NPU rotation gate requires OSCAR_RUN_NPU_TESTS=1</skipped></testcase><testcase classname="tests.test_rotation_npu" name="test_rotation_ascendc_real_npu[rotate_masked_128_1-logical-npu-0]" time="0.000"><skipped type="pytest.skip" message="not_run: real NPU rotation gate requires OSCAR_RUN_NPU_TESTS=1">/Users/sunao2000/gpt_new_oscar/tests/test_rotation_npu.py:145: not_run: real NPU rotation gate requires OSCAR_RUN_NPU_TESTS=1</skipped></testcase><testcase classname="tests.test_rotation_npu" name="test_rotation_ascendc_real_npu[rotate_masked_128_1-logical-npu-1]" time="0.000"><skipped type="pytest.skip" message="not_run: real NPU rotation gate requires OSCAR_RUN_NPU_TESTS=1">/Users/sunao2000/gpt_new_oscar/tests/test_rotation_npu.py:145: not_run: real NPU rotation gate requires OSCAR_RUN_NPU_TESTS=1</skipped></testcase><testcase classname="tests.test_rotation_npu" name="test_rotation_ascendc_real_npu[rotate_masked_128_1-logical-npu-2]" time="0.000"><skipped type="pytest.skip" message="not_run: real NPU rotation gate requires OSCAR_RUN_NPU_TESTS=1">/Users/sunao2000/gpt_new_oscar/tests/test_rotation_npu.py:145: not_run: real NPU rotation gate requires OSCAR_RUN_NPU_TESTS=1</skipped></testcase><testcase classname="tests.test_rotation_npu" name="test_rotation_ascendc_real_npu[rotate_masked_128_1-logical-npu-3]" time="0.000"><skipped type="pytest.skip" message="not_run: real NPU rotation gate requires OSCAR_RUN_NPU_TESTS=1">/Users/sunao2000/gpt_new_oscar/tests/test_rotation_npu.py:145: not_run: real NPU rotation gate requires OSCAR_RUN_NPU_TESTS=1</skipped></testcase><testcase classname="tests.test_rotation_npu" name="test_rotation_ascendc_real_npu[rotate_store_128_1_0.00-logical-npu-0]" time="0.000"><skipped type="pytest.skip" message="not_run: real NPU rotation gate requires OSCAR_RUN_NPU_TESTS=1">/Users/sunao2000/gpt_new_oscar/tests/test_rotation_npu.py:145: not_run: real NPU rotation gate requires OSCAR_RUN_NPU_TESTS=1</skipped></testcase><testcase classname="tests.test_rotation_npu" name="test_rotation_ascendc_real_npu[rotate_store_128_1_0.00-logical-npu-1]" time="0.000"><skipped type="pytest.skip" message="not_run: real NPU rotation gate requires OSCAR_RUN_NPU_TESTS=1">/Users/sunao2000/gpt_new_oscar/tests/test_rotation_npu.py:145: not_run: real NPU rotation gate requires OSCAR_RUN_NPU_TESTS=1</skipped></testcase><testcase classname="tests.test_rotation_npu" name="test_rotation_ascendc_real_npu[rotate_store_128_1_0.00-logical-npu-2]" time="0.000"><skipped type="pytest.skip" message="not_run: real NPU rotation gate requires OSCAR_RUN_NPU_TESTS=1">/Users/sunao2000/gpt_new_oscar/tests/test_rotation_npu.py:145: not_run: real NPU rotation gate requires OSCAR_RUN_NPU_TESTS=1</skipped></testcase><testcase classname="tests.test_rotation_npu" name="test_rotation_ascendc_real_npu[rotate_store_128_1_0.00-logical-npu-3]" time="0.000"><skipped type="pytest.skip" message="not_run: real NPU rotation gate requires OSCAR_RUN_NPU_TESTS=1">/Users/sunao2000/gpt_new_oscar/tests/test_rotation_npu.py:145: not_run: real NPU rotation gate requires OSCAR_RUN_NPU_TESTS=1</skipped></testcase><testcase classname="tests.test_rotation_npu" name="test_rotation_ascendc_real_npu[rotate_store_128_1_0.95-logical-npu-0]" time="0.000"><skipped type="pytest.skip" message="not_run: real NPU rotation gate requires OSCAR_RUN_NPU_TESTS=1">/Users/sunao2000/gpt_new_oscar/tests/test_rotation_npu.py:145: not_run: real NPU rotation gate requires OSCAR_RUN_NPU_TESTS=1</skipped></testcase><testcase classname="tests.test_rotation_npu" name="test_rotation_ascendc_real_npu[rotate_store_128_1_0.95-logical-npu-1]" time="0.000"><skipped type="pytest.skip" message="not_run: real NPU rotation gate requires OSCAR_RUN_NPU_TESTS=1">/Users/sunao2000/gpt_new_oscar/tests/test_rotation_npu.py:145: not_run: real NPU rotation gate requires OSCAR_RUN_NPU_TESTS=1</skipped></testcase><testcase classname="tests.test_rotation_npu" name="test_rotation_ascendc_real_npu[rotate_store_128_1_0.95-logical-npu-2]" time="0.000"><skipped type="pytest.skip" message="not_run: real NPU rotation gate requires OSCAR_RUN_NPU_TESTS=1">/Users/sunao2000/gpt_new_oscar/tests/test_rotation_npu.py:145: not_run: real NPU rotation gate requires OSCAR_RUN_NPU_TESTS=1</skipped></testcase><testcase classname="tests.test_rotation_npu" name="test_rotation_ascendc_real_npu[rotate_store_128_1_0.95-logical-npu-3]" time="0.000"><skipped type="pytest.skip" message="not_run: real NPU rotation gate requires OSCAR_RUN_NPU_TESTS=1">/Users/sunao2000/gpt_new_oscar/tests/test_rotation_npu.py:145: not_run: real NPU rotation gate requires OSCAR_RUN_NPU_TESTS=1</skipped></testcase><testcase classname="tests.test_rotation_npu" name="test_rotation_ascendc_real_npu[rotate_256_0-logical-npu-0]" time="0.000"><skipped type="pytest.skip" message="not_run: real NPU rotation gate requires OSCAR_RUN_NPU_TESTS=1">/Users/sunao2000/gpt_new_oscar/tests/test_rotation_npu.py:145: not_run: real NPU rotation gate requires OSCAR_RUN_NPU_TESTS=1</skipped></testcase><testcase classname="tests.test_rotation_npu" name="test_rotation_ascendc_real_npu[rotate_256_0-logical-npu-1]" time="0.000"><skipped type="pytest.skip" message="not_run: real NPU rotation gate requires OSCAR_RUN_NPU_TESTS=1">/Users/sunao2000/gpt_new_oscar/tests/test_rotation_npu.py:145: not_run: real NPU rotation gate requires OSCAR_RUN_NPU_TESTS=1</skipped></testcase><testcase classname="tests.test_rotation_npu" name="test_rotation_ascendc_real_npu[rotate_256_0-logical-npu-2]" time="0.000"><skipped type="pytest.skip" message="not_run: real NPU rotation gate requires OSCAR_RUN_NPU_TESTS=1">/Users/sunao2000/gpt_new_oscar/tests/test_rotation_npu.py:145: not_run: real NPU rotation gate requires OSCAR_RUN_NPU_TESTS=1</skipped></testcase><testcase classname="tests.test_rotation_npu" name="test_rotation_ascendc_real_npu[rotate_256_0-logical-npu-3]" time="0.000"><skipped type="pytest.skip" message="not_run: real NPU rotation gate requires OSCAR_RUN_NPU_TESTS=1">/Users/sunao2000/gpt_new_oscar/tests/test_rotation_npu.py:145: not_run: real NPU rotation gate requires OSCAR_RUN_NPU_TESTS=1</skipped></testcase><testcase classname="tests.test_rotation_npu" name="test_rotation_ascendc_real_npu[rotate_masked_256_0-logical-npu-0]" time="0.000"><skipped type="pytest.skip" message="not_run: real NPU rotation gate requires OSCAR_RUN_NPU_TESTS=1">/Users/sunao2000/gpt_new_oscar/tests/test_rotation_npu.py:145: not_run: real NPU rotation gate requires OSCAR_RUN_NPU_TESTS=1</skipped></testcase><testcase classname="tests.test_rotation_npu" name="test_rotation_ascendc_real_npu[rotate_masked_256_0-logical-npu-1]" time="0.000"><skipped type="pytest.skip" message="not_run: real NPU rotation gate requires OSCAR_RUN_NPU_TESTS=1">/Users/sunao2000/gpt_new_oscar/tests/test_rotation_npu.py:145: not_run: real NPU rotation gate requires OSCAR_RUN_NPU_TESTS=1</skipped></testcase><testcase classname="tests.test_rotation_npu" name="test_rotation_ascendc_real_npu[rotate_masked_256_0-logical-npu-2]" time="0.000"><skipped type="pytest.skip" message="not_run: real NPU rotation gate requires OSCAR_RUN_NPU_TESTS=1">/Users/sunao2000/gpt_new_oscar/tests/test_rotation_npu.py:145: not_run: real NPU rotation gate requires OSCAR_RUN_NPU_TESTS=1</skipped></testcase><testcase classname="tests.test_rotation_npu" name="test_rotation_ascendc_real_npu[rotate_masked_256_0-logical-npu-3]" time="0.000"><skipped type="pytest.skip" message="not_run: real NPU rotation gate requires OSCAR_RUN_NPU_TESTS=1">/Users/sunao2000/gpt_new_oscar/tests/test_rotation_npu.py:145: not_run: real NPU rotation gate requires OSCAR_RUN_NPU_TESTS=1</skipped></testcase><testcase classname="tests.test_rotation_npu" name="test_rotation_ascendc_real_npu[rotate_store_256_0_0.00-logical-npu-0]" time="0.000"><skipped type="pytest.skip" message="not_run: real NPU rotation gate requires OSCAR_RUN_NPU_TESTS=1">/Users/sunao2000/gpt_new_oscar/tests/test_rotation_npu.py:145: not_run: real NPU rotation gate requires OSCAR_RUN_NPU_TESTS=1</skipped></testcase><testcase classname="tests.test_rotation_npu" name="test_rotation_ascendc_real_npu[rotate_store_256_0_0.00-logical-npu-1]" time="0.000"><skipped type="pytest.skip" message="not_run: real NPU rotation gate requires OSCAR_RUN_NPU_TESTS=1">/Users/sunao2000/gpt_new_oscar/tests/test_rotation_npu.py:145: not_run: real NPU rotation gate requires OSCAR_RUN_NPU_TESTS=1</skipped></testcase><testcase classname="tests.test_rotation_npu" name="test_rotation_ascendc_real_npu[rotate_store_256_0_0.00-logical-npu-2]" time="0.000"><skipped type="pytest.skip" message="not_run: real NPU rotation gate requires OSCAR_RUN_NPU_TESTS=1">/Users/sunao2000/gpt_new_oscar/tests/test_rotation_npu.py:145: not_run: real NPU rotation gate requires OSCAR_RUN_NPU_TESTS=1</skipped></testcase><testcase classname="tests.test_rotation_npu" name="test_rotation_ascendc_real_npu[rotate_store_256_0_0.00-logical-npu-3]" time="0.000"><skipped type="pytest.skip" message="not_run: real NPU rotation gate requires OSCAR_RUN_NPU_TESTS=1">/Users/sunao2000/gpt_new_oscar/tests/test_rotation_npu.py:145: not_run: real NPU rotation gate requires OSCAR_RUN_NPU_TESTS=1</skipped></testcase><testcase classname="tests.test_rotation_npu" name="test_rotation_ascendc_real_npu[rotate_store_256_0_0.95-logical-npu-0]" time="0.000"><skipped type="pytest.skip" message="not_run: real NPU rotation gate requires OSCAR_RUN_NPU_TESTS=1">/Users/sunao2000/gpt_new_oscar/tests/test_rotation_npu.py:145: not_run: real NPU rotation gate requires OSCAR_RUN_NPU_TESTS=1</skipped></testcase><testcase classname="tests.test_rotation_npu" name="test_rotation_ascendc_real_npu[rotate_store_256_0_0.95-logical-npu-1]" time="0.000"><skipped type="pytest.skip" message="not_run: real NPU rotation gate requires OSCAR_RUN_NPU_TESTS=1">/Users/sunao2000/gpt_new_oscar/tests/test_rotation_npu.py:145: not_run: real NPU rotation gate requires OSCAR_RUN_NPU_TESTS=1</skipped></testcase><testcase classname="tests.test_rotation_npu" name="test_rotation_ascendc_real_npu[rotate_store_256_0_0.95-logical-npu-2]" time="0.000"><skipped type="pytest.skip" message="not_run: real NPU rotation gate requires OSCAR_RUN_NPU_TESTS=1">/Users/sunao2000/gpt_new_oscar/tests/test_rotation_npu.py:145: not_run: real NPU rotation gate requires OSCAR_RUN_NPU_TESTS=1</skipped></testcase><testcase classname="tests.test_rotation_npu" name="test_rotation_ascendc_real_npu[rotate_store_256_0_0.95-logical-npu-3]" time="0.000"><skipped type="pytest.skip" message="not_run: real NPU rotation gate requires OSCAR_RUN_NPU_TESTS=1">/Users/sunao2000/gpt_new_oscar/tests/test_rotation_npu.py:145: not_run: real NPU rotation gate requires OSCAR_RUN_NPU_TESTS=1</skipped></testcase><testcase classname="tests.test_rotation_npu" name="test_rotation_ascendc_real_npu[rotate_256_1-logical-npu-0]" time="0.000"><skipped type="pytest.skip" message="not_run: real NPU rotation gate requires OSCAR_RUN_NPU_TESTS=1">/Users/sunao2000/gpt_new_oscar/tests/test_rotation_npu.py:145: not_run: real NPU rotation gate requires OSCAR_RUN_NPU_TESTS=1</skipped></testcase><testcase classname="tests.test_rotation_npu" name="test_rotation_ascendc_real_npu[rotate_256_1-logical-npu-1]" time="0.000"><skipped type="pytest.skip" message="not_run: real NPU rotation gate requires OSCAR_RUN_NPU_TESTS=1">/Users/sunao2000/gpt_new_oscar/tests/test_rotation_npu.py:145: not_run: real NPU rotation gate requires OSCAR_RUN_NPU_TESTS=1</skipped></testcase><testcase classname="tests.test_rotation_npu" name="test_rotation_ascendc_real_npu[rotate_256_1-logical-npu-2]" time="0.000"><skipped type="pytest.skip" message="not_run: real NPU rotation gate requires OSCAR_RUN_NPU_TESTS=1">/Users/sunao2000/gpt_new_oscar/tests/test_rotation_npu.py:145: not_run: real NPU rotation gate requires OSCAR_RUN_NPU_TESTS=1</skipped></testcase><testcase classname="tests.test_rotation_npu" name="test_rotation_ascendc_real_npu[rotate_256_1-logical-npu-3]" time="0.000"><skipped type="pytest.skip" message="not_run: real NPU rotation gate requires OSCAR_RUN_NPU_TESTS=1">/Users/sunao2000/gpt_new_oscar/tests/test_rotation_npu.py:145: not_run: real NPU rotation gate requires OSCAR_RUN_NPU_TESTS=1</skipped></testcase><testcase classname="tests.test_rotation_npu" name="test_rotation_ascendc_real_npu[rotate_masked_256_1-logical-npu-0]" time="0.000"><skipped type="pytest.skip" message="not_run: real NPU rotation gate requires OSCAR_RUN_NPU_TESTS=1">/Users/sunao2000/gpt_new_oscar/tests/test_rotation_npu.py:145: not_run: real NPU rotation gate requires OSCAR_RUN_NPU_TESTS=1</skipped></testcase><testcase classname="tests.test_rotation_npu" name="test_rotation_ascendc_real_npu[rotate_masked_256_1-logical-npu-1]" time="0.000"><skipped type="pytest.skip" message="not_run: real NPU rotation gate requires OSCAR_RUN_NPU_TESTS=1">/Users/sunao2000/gpt_new_oscar/tests/test_rotation_npu.py:145: not_run: real NPU rotation gate requires OSCAR_RUN_NPU_TESTS=1</skipped></testcase><testcase classname="tests.test_rotation_npu" name="test_rotation_ascendc_real_npu[rotate_masked_256_1-logical-npu-2]" time="0.000"><skipped type="pytest.skip" message="not_run: real NPU rotation gate requires OSCAR_RUN_NPU_TESTS=1">/Users/sunao2000/gpt_new_oscar/tests/test_rotation_npu.py:145: not_run: real NPU rotation gate requires OSCAR_RUN_NPU_TESTS=1</skipped></testcase><testcase classname="tests.test_rotation_npu" name="test_rotation_ascendc_real_npu[rotate_masked_256_1-logical-npu-3]" time="0.000"><skipped type="pytest.skip" message="not_run: real NPU rotation gate requires OSCAR_RUN_NPU_TESTS=1">/Users/sunao2000/gpt_new_oscar/tests/test_rotation_npu.py:145: not_run: real NPU rotation gate requires OSCAR_RUN_NPU_TESTS=1</skipped></testcase><testcase classname="tests.test_rotation_npu" name="test_rotation_ascendc_real_npu[rotate_store_256_1_0.00-logical-npu-0]" time="0.000"><skipped type="pytest.skip" message="not_run: real NPU rotation gate requires OSCAR_RUN_NPU_TESTS=1">/Users/sunao2000/gpt_new_oscar/tests/test_rotation_npu.py:145: not_run: real NPU rotation gate requires OSCAR_RUN_NPU_TESTS=1</skipped></testcase><testcase classname="tests.test_rotation_npu" name="test_rotation_ascendc_real_npu[rotate_store_256_1_0.00-logical-npu-1]" time="0.000"><skipped type="pytest.skip" message="not_run: real NPU rotation gate requires OSCAR_RUN_NPU_TESTS=1">/Users/sunao2000/gpt_new_oscar/tests/test_rotation_npu.py:145: not_run: real NPU rotation gate requires OSCAR_RUN_NPU_TESTS=1</skipped></testcase><testcase classname="tests.test_rotation_npu" name="test_rotation_ascendc_real_npu[rotate_store_256_1_0.00-logical-npu-2]" time="0.000"><skipped type="pytest.skip" message="not_run: real NPU rotation gate requires OSCAR_RUN_NPU_TESTS=1">/Users/sunao2000/gpt_new_oscar/tests/test_rotation_npu.py:145: not_run: real NPU rotation gate requires OSCAR_RUN_NPU_TESTS=1</skipped></testcase><testcase classname="tests.test_rotation_npu" name="test_rotation_ascendc_real_npu[rotate_store_256_1_0.00-logical-npu-3]" time="0.000"><skipped type="pytest.skip" message="not_run: real NPU rotation gate requires OSCAR_RUN_NPU_TESTS=1">/Users/sunao2000/gpt_new_oscar/tests/test_rotation_npu.py:145: not_run: real NPU rotation gate requires OSCAR_RUN_NPU_TESTS=1</skipped></testcase><testcase classname="tests.test_rotation_npu" name="test_rotation_ascendc_real_npu[rotate_store_256_1_0.95-logical-npu-0]" time="0.000"><skipped type="pytest.skip" message="not_run: real NPU rotation gate requires OSCAR_RUN_NPU_TESTS=1">/Users/sunao2000/gpt_new_oscar/tests/test_rotation_npu.py:145: not_run: real NPU rotation gate requires OSCAR_RUN_NPU_TESTS=1</skipped></testcase><testcase classname="tests.test_rotation_npu" name="test_rotation_ascendc_real_npu[rotate_store_256_1_0.95-logical-npu-1]" time="0.000"><skipped type="pytest.skip" message="not_run: real NPU rotation gate requires OSCAR_RUN_NPU_TESTS=1">/Users/sunao2000/gpt_new_oscar/tests/test_rotation_npu.py:145: not_run: real NPU rotation gate requires OSCAR_RUN_NPU_TESTS=1</skipped></testcase><testcase classname="tests.test_rotation_npu" name="test_rotation_ascendc_real_npu[rotate_store_256_1_0.95-logical-npu-2]" time="0.000"><skipped type="pytest.skip" message="not_run: real NPU rotation gate requires OSCAR_RUN_NPU_TESTS=1">/Users/sunao2000/gpt_new_oscar/tests/test_rotation_npu.py:145: not_run: real NPU rotation gate requires OSCAR_RUN_NPU_TESTS=1</skipped></testcase><testcase classname="tests.test_rotation_npu" name="test_rotation_ascendc_real_npu[rotate_store_256_1_0.95-logical-npu-3]" time="0.000"><skipped type="pytest.skip" message="not_run: real NPU rotation gate requires OSCAR_RUN_NPU_TESTS=1">/Users/sunao2000/gpt_new_oscar/tests/test_rotation_npu.py:145: not_run: real NPU rotation gate requires OSCAR_RUN_NPU_TESTS=1</skipped></testcase><testcase classname="tests.test_rotation_npu" name="test_rotation_ascendc_real_npu[rotate_store_errors-logical-npu-0]" time="0.000"><skipped type="pytest.skip" message="not_run: real NPU rotation gate requires OSCAR_RUN_NPU_TESTS=1">/Users/sunao2000/gpt_new_oscar/tests/test_rotation_npu.py:145: not_run: real NPU rotation gate requires OSCAR_RUN_NPU_TESTS=1</skipped></testcase><testcase classname="tests.test_rotation_npu" name="test_rotation_ascendc_real_npu[rotate_store_errors-logical-npu-1]" time="0.000"><skipped type="pytest.skip" message="not_run: real NPU rotation gate requires OSCAR_RUN_NPU_TESTS=1">/Users/sunao2000/gpt_new_oscar/tests/test_rota
[...]
h_pr_quantile[0.01-64]" time="0.002" /><testcase classname="tests.test_rotation_pipeline" name="test_adjacent_sorted_absolute_values_match_pr_quantile[0.01-128]" time="0.000" /><testcase classname="tests.test_rotation_pipeline" name="test_adjacent_sorted_absolute_values_match_pr_quantile[0.01-256]" time="0.003" /><testcase classname="tests.test_rotation_pipeline" name="test_adjacent_sorted_absolute_values_match_pr_quantile[0.5-64]" time="0.000" /><testcase classname="tests.test_rotation_pipeline" name="test_adjacent_sorted_absolute_values_match_pr_quantile[0.5-128]" time="0.000" /><testcase classname="tests.test_rotation_pipeline" name="test_adjacent_sorted_absolute_values_match_pr_quantile[0.5-256]" time="0.004" /><testcase classname="tests.test_rotation_pipeline" name="test_adjacent_sorted_absolute_values_match_pr_quantile[0.92-64]" time="0.001" /><testcase classname="tests.test_rotation_pipeline" name="test_adjacent_sorted_absolute_values_match_pr_quantile[0.92-128]" time="0.001" /><testcase classname="tests.test_rotation_pipeline" name="test_adjacent_sorted_absolute_values_match_pr_quantile[0.92-256]" time="0.004" /><testcase classname="tests.test_rotation_pipeline" name="test_adjacent_sorted_absolute_values_match_pr_quantile[0.96-64]" time="0.001" /><testcase classname="tests.test_rotation_pipeline" name="test_adjacent_sorted_absolute_values_match_pr_quantile[0.96-128]" time="0.001" /><testcase classname="tests.test_rotation_pipeline" name="test_adjacent_sorted_absolute_values_match_pr_quantile[0.96-256]" time="0.006" /><testcase classname="tests.test_rotation_pipeline" name="test_adjacent_sorted_absolute_values_match_pr_quantile[1.0-64]" time="0.001" /><testcase classname="tests.test_rotation_pipeline" name="test_adjacent_sorted_absolute_values_match_pr_quantile[1.0-128]" time="0.000" /><testcase classname="tests.test_rotation_pipeline" name="test_adjacent_sorted_absolute_values_match_pr_quantile[1.0-256]" time="0.010" /><testcase classname="tests.test_rotation_pipeline" name="test_recent_winner_lookahead_has_exactly_one_writer_per_page_slot[0-17-1]" time="0.000" /><testcase classname="tests.test_rotation_pipeline" name="test_recent_winner_lookahead_has_exactly_one_writer_per_page_slot[0-17-4]" time="0.000" /><testcase classname="tests.test_rotation_pipeline" name="test_recent_winner_lookahead_has_exactly_one_writer_per_page_slot[0-17-259]" time="0.000" /><testcase classname="tests.test_rotation_pipeline" name="test_recent_winner_lookahead_has_exactly_one_writer_per_page_slot[64-127-1]" time="0.000" /><testcase classname="tests.test_rotation_pipeline" name="test_recent_winner_lookahead_has_exactly_one_writer_per_page_slot[64-127-4]" time="0.000" /><testcase classname="tests.test_rotation_pipeline" name="test_recent_winner_lookahead_has_exactly_one_writer_per_page_slot[64-127-259]" time="0.001" /><testcase classname="tests.test_rotation_pipeline" name="test_recent_winner_lookahead_has_exactly_one_writer_per_page_slot[1533-809-1]" time="0.001" /><testcase classname="tests.test_rotation_pipeline" name="test_recent_winner_lookahead_has_exactly_one_writer_per_page_slot[1533-809-4]" time="0.001" /><testcase classname="tests.test_rotation_pipeline" name="test_recent_winner_lookahead_has_exactly_one_writer_per_page_slot[1533-809-259]" time="0.001" /><testcase classname="tests.test_rotation_pipeline" name="test_recent_winner_lookahead_has_exactly_one_writer_per_page_slot[2177-6145-1]" time="0.003" /><testcase classname="tests.test_rotation_pipeline" name="test_recent_winner_lookahead_has_exactly_one_writer_per_page_slot[2177-6145-4]" time="0.001" /><testcase classname="tests.test_rotation_pipeline" name="test_recent_winner_lookahead_has_exactly_one_writer_per_page_slot[2177-6145-259]" time="0.002" /><testcase classname="tests.test_rotation_pipeline" name="test_rotation_kernel_keeps_cpu_simulator_and_production_launch_separate" time="0.000" /><testcase classname="tests.test_rotation_pipeline" name="test_masked_nan_and_sink_only_goldens_preserve_exact_contract" time="0.262" /><testcase classname="tests.test_rotations" name="test_hadamard_is_exact_paper_sign_pattern_and_data_free" time="0.001" /><testcase classname="tests.test_rotations" name="test_cpu_is_not_an_implicit_production_execution_path" time="0.001" /><testcase classname="tests.test_rotations" name="test_identity_requires_explicit_authorization_at_construction_and_load" time="0.001" /><testcase classname="tests.test_rotations" name="test_bad_artifacts_fail_closed[&lt;lambda&gt;-model fingerprint]" time="0.001" /><testcase classname="tests.test_rotations" name="test_bad_artifacts_fail_closed[&lt;lambda&gt;-PR fingerprint]" time="0.001" /><testcase classname="tests.test_rotations" name="test_bad_artifacts_fail_closed[&lt;lambda&gt;-head_dim]" time="0.000" /><testcase classname="tests.test_rotations" name="test_bad_artifacts_fail_closed[&lt;lambda&gt;-coverage]" time="0.000" /><testcase classname="tests.test_rotations" name="test_bad_artifacts_fail_closed[&lt;lambda&gt;-layer id]" time="0.001" /><testcase classname="tests.test_rotations" name="test_bad_artifacts_fail_closed[&lt;lambda&gt;-non-orthogonal]" time="0.002" /><testcase classname="tests.test_rotations" name="test_bad_artifacts_fail_closed[&lt;lambda&gt;-non-finite]" time="0.001" /><testcase classname="tests.test_rotations" name="test_bad_artifacts_fail_closed[&lt;lambda&gt;-expected fp32]" time="0.001" /><testcase classname="tests.test_rotations" name="test_artifact_roundtrip_is_weights_only_and_preserves_coverage" time="0.008" /><testcase classname="tests.test_rotations" name="test_model_fingerprint_binds_configuration_and_weights" time="0.001" /><testcase classname="tests.test_rotations" name="test_sample_statistics_match_independent_paper_fp64_equations" time="0.002" /><testcase classname="tests.test_rotations" name="test_empty_or_invalid_sample_is_never_repaired_silently" time="0.001" /><testcase classname="tests.test_rotations" name="test_sample_artifact_uses_explicit_solver_and_records_sample_ids" time="0.004" /><testcase classname="tests.test_rotations" name="test_eigensolver_that_returns_wrong_values_fails_validation" time="0.001" /><testcase classname="tests.test_runtime" name="test_native_graph_metadata_mutates_values_at_the_same_captured_addresses" time="0.001" /><testcase classname="tests.test_runtime" name="test_graph_metadata_cannot_silently_rebind_a_captured_device_pointer" time="0.001" /><testcase classname="tests.test_runtime" name="test_workspace_byte_account_includes_all_live_buffers" time="0.000" /><testcase classname="tests.test_runtime" name="test_shape_splits_use_measured_cube_parallelism_without_more_workspace[1-20]" time="0.000" /><testcase classname="tests.test_runtime" name="test_shape_splits_use_measured_cube_parallelism_without_more_workspace[4-20]" time="0.000" /><testcase classname="tests.test_runtime" name="test_shape_splits_use_measured_cube_parallelism_without_more_workspace[8-20]" time="0.001" /><testcase classname="tests.test_runtime" name="test_shape_splits_use_measured_cube_parallelism_without_more_workspace[16-10]" time="0.001" /><testcase classname="tests.test_runtime" name="test_shape_splits_use_measured_cube_parallelism_without_more_workspace[64-3]" time="0.000" /><testcase classname="tests.test_runtime" name="test_shape_splits_use_measured_cube_parallelism_without_more_workspace[128-2]" time="0.000" /><testcase classname="tests.test_runtime" name="test_shape_splits_use_measured_cube_parallelism_without_more_workspace[512-1]" time="0.001" /><testcase classname="tests.test_runtime" name="test_shape_splits_use_measured_cube_parallelism_without_more_workspace[16384-1]" time="0.000" /><testcase classname="tests.test_runtime" name="test_split_selection_bounds_every_shape_and_multiple_kv_heads" time="0.018" /><testcase classname="tests.test_runtime" name="test_adaptive_partial_views_share_fixed_storage_and_preserve_unused_capacity" time="0.009" /><testcase classname="tests.test_runtime" name="test_production_workspace_rejects_cpu" time="0.000" /><testcase classname="tests.test_runtime" name="test_current_task_devices_are_required_before_any_operator_import" time="0.001" /><testcase classname="tests.test_runtime" name="test_multimodal_and_draft_layer_names_follow_native_qwen_prefixes" time="0.001" /><testcase classname="tests.test_runtime" name="test_default_factory_is_lazy_and_does_not_override_explicit_provider" time="0.054" /><testcase classname="tests.test_runtime" name="test_online_forward_contains_no_host_request_loop_or_tensor_readback" time="0.004" /><testcase classname="tests.test_runtime" name="test_forward_dispatches_native_draft_strides_and_int32_slots_in_order[8-1-1]" time="0.005" /><testcase classname="tests.test_runtime" name="test_forward_dispatches_native_draft_strides_and_int32_slots_in_order[64-20-8]" time="0.005" /><testcase classname="tests.test_runtime_native" name="test_real_native_spec_conversion_and_registry_preserve_gdn" time="0.034" /><testcase classname="tests.test_runtime_native" name="test_native_kernel_spec_copy_preserves_physical_storage_and_rejects_resizing[True]" time="0.054" /><testcase classname="tests.test_runtime_native" name="test_native_kernel_spec_copy_preserves_physical_storage_and_rejects_resizing[False]" time="0.045" /><testcase classname="tests.test_runtime_native" name="test_real_native_mtp_initialization_creates_metadata_without_resizing_pool[kernel_sizes0-True]" time="0.082" /><testcase classname="tests.test_runtime_native" name="test_real_native_mtp_initialization_creates_metadata_without_resizing_pool[kernel_sizes0-False]" time="0.084" /><testcase classname="tests.test_runtime_native" name="test_real_native_mtp_initialization_creates_metadata_without_resizing_pool[None-True]" time="0.067" /><testcase classname="tests.test_runtime_native" name="test_real_native_mtp_initialization_creates_metadata_without_resizing_pool[None-False]" time="0.122" /><testcase classname="tests.test_runtime_native" name="test_actual_native_grouping_lcm_hashing_and_shared_pool" time="0.075" /><testcase classname="tests.test_runtime_native" name="test_real_qwen_shape_and_ascend_config_account_for_speculative_conv_width[True]" time="0.031" /><testcase classname="tests.test_runtime_native" name="test_real_qwen_shape_and_ascend_config_account_for_speculative_conv_width[False]" time="0.032" /><testcase classname="tests.test_runtime_native" name="test_actual_ascend_coordinator_initializes_native_managers_for_different_block_sizes" time="0.054" /><testcase classname="tests.test_runtime_native" name="test_uncached_native_groups_allocate_grow_and_release_without_changing_gdn[False]" time="0.063" /><testcase classname="tests.test_runtime_native" name="test_mamba_cache_mode_survives_spec_copy_and_rejects_mixed_geometry" time="0.019" /><testcase classname="tests.test_runtime_native" name="test_uncached_native_input_batch_keeps_mamba_slots_and_splits_full_pages[False]" time="0.173" /><testcase classname="tests.test_runtime_native" name="test_real_native_gdn_reshape_runs_with_original_objects_and_byte_ranges[True]" time="0.067" /><testcase classname="tests.test_runtime_native" name="test_real_native_gdn_reshape_runs_with_original_objects_and_byte_ranges[False]" time="0.061" /><testcase classname="tests.test_runtime_native" name="test_driver_core_discovery_executes_native_property_functions" time="0.002" /><testcase classname="tests.test_runtime_native" name="test_real_native_metadata_base_builds_capture_then_replay" time="0.008" /><testcase classname="tests.test_runtime_native" name="test_native_profile_selects_metadata_none_before_kv_cache_initialization" time="0.022" /><testcase classname="tests.test_runtime_native" name="test_native_extra_fia_dummy_does_not_require_a_new_physical_request_row" time="0.000" /><testcase classname="tests.test_runtime_native" name="test_native_padded_mtp_requires_slot_derived_draft_position[0-100-2304]" time="0.016" /><testcase classname="tests.test_runtime_native" name="test_native_padded_mtp_requires_slot_derived_draft_position[0-100-2816]" time="0.008" /><testcase classname="tests.test_runtime_native" name="test_native_padded_mtp_requires_slot_derived_draft_position[0--2-2304]" time="0.011" /><testcase classname="tests.test_runtime_native" name="test_native_padded_mtp_requires_slot_derived_draft_position[0--2-2816]" time="0.018" /><testcase classname="tests.test_runtime_native" name="test_native_padded_mtp_requires_slot_derived_draft_position[0--1-2304]" time="0.020" /><testcase classname="tests.test_runtime_native" name="test_native_padded_mtp_requires_slot_derived_draft_position[0--1-2816]" time="0.020" /><testcase classname="tests.test_runtime_native" name="test_native_padded_mtp_requires_slot_derived_draft_position[1-100-2304]" time="0.014" /><testcase classname="tests.test_runtime_native" name="test_native_padded_mtp_requires_slot_derived_draft_position[1-100-2816]" time="0.008" /><testcase classname="tests.test_runtime_native" name="test_native_padded_mtp_requires_slot_derived_draft_position[1--2-2304]" time="0.007" /><testcase classname="tests.test_runtime_native" name="test_native_padded_mtp_requires_slot_derived_draft_position[1--2-2816]" time="0.007" /><testcase classname="tests.test_runtime_native" name="test_native_padded_mtp_requires_slot_derived_draft_position[1--1-2304]" time="0.015" /><testcase classname="tests.test_runtime_native" name="test_native_padded_mtp_requires_slot_derived_draft_position[1--1-2816]" time="0.008" /><testcase classname="tests.test_runtime_native" name="test_native_padded_mtp_requires_slot_derived_draft_position[2-100-2304]" time="0.007" /><testcase classname="tests.test_runtime_native" name="test_native_padded_mtp_requires_slot_derived_draft_position[2-100-2816]" time="0.014" /><testcase classname="tests.test_runtime_native" name="test_native_padded_mtp_requires_slot_derived_draft_position[2--2-2304]" time="0.023" /><testcase classname="tests.test_runtime_native" name="test_native_padded_mtp_requires_slot_derived_draft_position[2--2-2816]" time="0.018" /><testcase classname="tests.test_runtime_native" name="test_native_padded_mtp_requires_slot_derived_draft_position[2--1-2304]" time="0.017" /><testcase classname="tests.test_runtime_native" name="test_native_padded_mtp_requires_slot_derived_draft_position[2--1-2816]" time="0.027" /><testcase classname="tests.test_runtime_native" name="test_native_padded_mtp_requires_slot_derived_draft_position[3-100-2304]" time="0.008" /><testcase classname="tests.test_runtime_native" name="test_native_padded_mtp_requires_slot_derived_draft_position[3-100-2816]" time="0.022" /><testcase classname="tests.test_runtime_native" name="test_native_padded_mtp_requires_slot_derived_draft_position[3--2-2304]" time="0.020" /><testcase classname="tests.test_runtime_native" name="test_native_padded_mtp_requires_slot_derived_draft_position[3--2-2816]" time="0.015" /><testcase classname="tests.test_runtime_native" name="test_native_padded_mtp_requires_slot_derived_draft_position[3--1-2304]" time="0.011" /><testcase classname="tests.test_runtime_native" name="test_native_padded_mtp_requires_slot_derived_draft_position[3--1-2816]" time="0.010" /><testcase classname="tests.test_service_workflow" name="test_exact_prompt_uses_local_encoded_ids_and_no_special_tokens" time="0.000" /><testcase classname="tests.test_service_workflow" name="test_worker_progress_distinguishes_no_debug_host_dispatch_and_device_checkpoint" time="0.002" /><testcase classname="tests.test_service_workflow" name="test_long_request_has_wall_deadline_progress_and_reaped_client[hang_long]" time="1.285" /><testcase classname="tests.test_service_workflow" name="test_long_request_has_wall_deadline_progress_and_reaped_client[trickle_long]" time="1.253" /><testcase classname="tests.test_service_workflow" name="test_healthy_http_with_full_evidence_executes_all_lengths_and_mixed_batch" time="1.011" /><testcase classname="tests.test_service_workflow" name="test_http_success_cannot_hide_missing_route_mtp_or_wrong_token_count[no_trace-mandatory]" time="1.139" /><testcase classname="tests.test_service_workflow" name="test_http_success_cannot_hide_missing_route_mtp_or_wrong_token_count[wrong_usage-exactly 128]" time="0.559" /><testcase classname="tests.test_service_workflow" name="test_http_success_cannot_hide_missing_route_mtp_or_wrong_token_count[no_mtp-mandatory]" time="1.101" /><testcase classname="tests.test_service_workflow" name="test_startup_failure_records_exit_and_never_kills_an_unrelated_group" time="0.346" /><testcase classname="tests.test_service_workflow" name="test_hung_startup_has_finite_deadline_and_nonempty_final_log" time="0.193" /><testcase classname="tests.test_service_workflow" name="test_interrupted_startup_still_releases_its_server_and_records_outcome" time="0.329" /><testcase classname="tests.test_service_workflow" name="test_formal_serve_validates_one_real_request_then_stops_owned_group_on_sigint" time="0.906" /><testcase classname="tests.test_service_workflow" name="test_missing_device_selection_fails_before_any_resource_or_server_launch" time="0.005" /><testcase classname="tests.test_service_workflow" name="test_memory_not_released_turns_successful_requests_into_failed_probe" time="1.428" /><testcase classname="tests.test_service_workflow" name="test_per_rank_layer_graph_checks_do_not_reduce_to_http_200" time="0.001" /><testcase classname="tests.test_service_workflow" name="test_malformed_trace_is_a_failure_with_source_location" time="0.003" /><testcase classname="tests.test_service_workflow" name="test_native_mtp_counter_parsing_records_acceptance_without_quality_claim" time="0.001" /><testcase classname="tests.test_service_workflow" name="test_release_comparison_is_per_device_and_total_memory_cannot_change" time="0.001" /><testcase classname="tests.test_service_workflow" name="test_resource_observer_failure_is_not_a_zero_or_an_infinite_retry" time="0.002" /><testcase classname="tests.test_workflow" name="test_failure_keeps_original_code_and_diagnostic" time="0.117" /><testcase classname="tests.test_workflow" name="test_silent_failure_still_has_log" time="0.111" /><testcase classname="tests.test_workflow" name="test_timeout_is_bounded_and_reaped" time="0.208" /><testcase classname="tests.test_workflow" name="test_exec_failure_recorded" time="0.014" /><testcase classname="tests.test_workflow" name="test_cleanup_reaps_exiting_owned_child_before_confirming_group_disappearance[0]" time="0.001" /><testcase classname="tests.test_workflow" name="test_cleanup_reaps_exiting_owned_child_before_confirming_group_disappearance[15]" time="0.000" /><testcase classname="tests.test_workflow" name="test_cleanup_reaps_exiting_owned_child_before_confirming_group_disappearance[9]" time="0.000" /><testcase classname="tests.test_workflow" name="test_cleanup_never_treats_persistent_group_permission_error_as_absence" time="0.000" /><testcase classname="tests.test_workflow" name="test_cleanup_live_child_permission_error_has_one_bounded_wait_and_still_fails" time="0.000" /><testcase classname="tests.test_workflow" name="test_signal_denial_is_not_hidden_when_owned_group_still_exists[15]" time="0.000" /><testcase classname="tests.test_workflow" name="test_signal_denial_is_not_hidden_when_owned_group_still_exists[9]" time="0.001" /><testcase classname="tests.test_workflow" name="test_native_mutation_detects_new_deleted_and_changed" time="0.001" /><testcase classname="tests.test_workflow" name="test_soc_mapping_does_not_select_310p_headers" time="0.000" /><testcase classname="tests.test_workflow" name="test_build_cleanup_is_project_owned" time="0.001" /><testcase classname="tests.test_workflow" name="test_target_command_preserves_graph_mtp_and_dtype" time="0.000" /><testcase classname="tests.test_workflow" name="test_device_selection_does_not_inherit_somebody_elses_devices" time="0.000" /><testcase classname="tests.test_workflow" name="test_model_geometry_reads_real_config" time="0.002" /></testsuite></testsuites>